[2022-09-04T14:38:40.206+0000][1][gc] Using Concurrent Mark Sweep
[2022-09-04T14:38:40.210+0000][1][gc,heap,coops] Heap address: 0x00000000e0000000, size: 512 MB, Compressed Oops mode: 32-bit
[2022-09-04T14:38:40.826+0000][1][safepoint    ] Safepoint "EnableBiasedLocking", Time since last: 446262709 ns, Reaching safepoint: 2984500 ns, At safepoint: 701750 ns, Total: 3686250 ns
[2022-09-04T14:38:40.858+0000][1][safepoint    ] Safepoint "RevokeBias", Time since last: 28425875 ns, Reaching safepoint: 863041 ns, At safepoint: 2690125 ns, Total: 3553166 ns
[2022-09-04T14:38:41.028+0000][1][safepoint    ] Safepoint "Deoptimize", Time since last: 166275667 ns, Reaching safepoint: 1273250 ns, At safepoint: 2133292 ns, Total: 3406542 ns
[2022-09-04T14:38:41.767+0000][1][safepoint    ] Safepoint "Deoptimize", Time since last: 736981625 ns, Reaching safepoint: 1762458 ns, At safepoint: 145167 ns, Total: 1907625 ns
[2022-09-04T14:38:41.776+0000][1][safepoint    ] Safepoint "Deoptimize", Time since last: 9344000 ns, Reaching safepoint: 68208 ns, At safepoint: 203459 ns, Total: 271667 ns
[2022-09-04T14:38:41.972+0000][1][safepoint    ] Safepoint "Deoptimize", Time since last: 195064583 ns, Reaching safepoint: 105958 ns, At safepoint: 193209 ns, Total: 299167 ns
[2022-09-04T14:38:42.977+0000][1][safepoint    ] Safepoint "Cleanup", Time since last: 1002323834 ns, Reaching safepoint: 2973958 ns, At safepoint: 212375 ns, Total: 3186333 ns
[2022-09-04T14:38:43.991+0000][1][safepoint    ] Safepoint "Cleanup", Time since last: 1012071750 ns, Reaching safepoint: 1491959 ns, At safepoint: 31958 ns, Total: 1523917 ns
[2022-09-04T14:38:44.028+0000][1][safepoint    ] Safepoint "Deoptimize", Time since last: 36706833 ns, Reaching safepoint: 64667 ns, At safepoint: 315625 ns, Total: 380292 ns
[2022-09-04T14:38:44.275+0000][1][safepoint    ] Safepoint "Deoptimize", Time since last: 246364459 ns, Reaching safepoint: 528000 ns, At safepoint: 378083 ns, Total: 906083 ns
[2022-09-04T14:38:44.850+0000][1][safepoint    ] Safepoint "Deoptimize", Time since last: 573933250 ns, Reaching safepoint: 675708 ns, At safepoint: 431875 ns, Total: 1107583 ns
[2022-09-04T14:38:45.857+0000][1][safepoint    ] Safepoint "Cleanup", Time since last: 1002387709 ns, Reaching safepoint: 4322500 ns, At safepoint: 85209 ns, Total: 4407709 ns
[2022-09-04T14:38:46.382+0000][1][safepoint    ] Safepoint "Deoptimize", Time since last: 523827958 ns, Reaching safepoint: 652334 ns, At safepoint: 704416 ns, Total: 1356750 ns
[2022-09-04T14:38:47.182+0000][1][safepoint    ] Safepoint "Deoptimize", Time since last: 797925417 ns, Reaching safepoint: 859542 ns, At safepoint: 614667 ns, Total: 1474209 ns
[2022-09-04T14:38:48.189+0000][1][safepoint    ] Safepoint "Cleanup", Time since last: 1006344708 ns, Reaching safepoint: 973042 ns, At safepoint: 60167 ns, Total: 1033209 ns
[2022-09-04T14:38:50.192+0000][1][safepoint    ] Safepoint "Cleanup", Time since last: 2002096667 ns, Reaching safepoint: 602917 ns, At safepoint: 46292 ns, Total: 649209 ns
[2022-09-04T14:38:51.197+0000][1][safepoint    ] Safepoint "Cleanup", Time since last: 1003720667 ns, Reaching safepoint: 1552708 ns, At safepoint: 44833 ns, Total: 1597541 ns
[2022-09-04T14:38:52.200+0000][1][safepoint    ] Safepoint "Cleanup", Time since last: 1002181876 ns, Reaching safepoint: 1115875 ns, At safepoint: 130667 ns, Total: 1246542 ns
[2022-09-04T14:38:52.296+0000][1][safepoint    ] Safepoint "Deoptimize", Time since last: 94398250 ns, Reaching safepoint: 228666 ns, At safepoint: 620125 ns, Total: 848791 ns
[2022-09-04T14:38:53.001+0000][1][safepoint    ] Safepoint "Deoptimize", Time since last: 703052667 ns, Reaching safepoint: 1263459 ns, At safepoint: 671958 ns, Total: 1935417 ns
[2022-09-04T14:38:53.006+0000][1][safepoint    ] Safepoint "Deoptimize", Time since last: 4597958 ns, Reaching safepoint: 69375 ns, At safepoint: 528792 ns, Total: 598167 ns
[2022-09-04T14:38:53.216+0000][1][safepoint    ] Safepoint "Deoptimize", Time since last: 209182083 ns, Reaching safepoint: 694459 ns, At safepoint: 658291 ns, Total: 1352750 ns
[2022-09-04T14:38:53.236+0000][1][safepoint    ] Safepoint "Deoptimize", Time since last: 18260250 ns, Reaching safepoint: 372959 ns, At safepoint: 686750 ns, Total: 1059709 ns
[2022-09-04T14:38:53.318+0000][1][safepoint    ] Safepoint "RevokeBias", Time since last: 82202125 ns, Reaching safepoint: 362291 ns, At safepoint: 159459 ns, Total: 521750 ns
[2022-09-04T14:38:53.322+0000][1][safepoint    ] Safepoint "RevokeBias", Time since last: 2908625 ns, Reaching safepoint: 282208 ns, At safepoint: 126125 ns, Total: 408333 ns
[2022-09-04T14:38:53.326+0000][1][safepoint    ] Safepoint "RevokeBias", Time since last: 4141375 ns, Reaching safepoint: 429833 ns, At safepoint: 147375 ns, Total: 577208 ns
[2022-09-04T14:38:53.329+0000][1][safepoint    ] Safepoint "RevokeBias", Time since last: 2561542 ns, Reaching safepoint: 230542 ns, At safepoint: 197541 ns, Total: 428083 ns
[2022-09-04T14:38:53.331+0000][1][safepoint    ] Safepoint "RevokeBias", Time since last: 1078125 ns, Reaching safepoint: 545542 ns, At safepoint: 219208 ns, Total: 764750 ns
[2022-09-04T14:38:53.375+0000][1][safepoint    ] Safepoint "Deoptimize", Time since last: 42551959 ns, Reaching safepoint: 391375 ns, At safepoint: 587958 ns, Total: 979333 ns
[2022-09-04T14:38:53.450+0000][1][safepoint    ] Safepoint "Deoptimize", Time since last: 73844750 ns, Reaching safepoint: 450292 ns, At safepoint: 631583 ns, Total: 1081875 ns
[2022-09-04T14:38:54.452+0000][1][safepoint    ] Safepoint "Cleanup", Time since last: 1001591417 ns, Reaching safepoint: 1013417 ns, At safepoint: 14208 ns, Total: 1027625 ns
[2022-09-04T14:38:55.358+0000][1][safepoint    ] Safepoint "Deoptimize", Time since last: 902576751 ns, Reaching safepoint: 525916 ns, At safepoint: 2112667 ns, Total: 2638583 ns
[2022-09-04T14:38:56.388+0000][1][safepoint    ] Safepoint "Cleanup", Time since last: 1002697001 ns, Reaching safepoint: 23107166 ns, At safepoint: 1276834 ns, Total: 24384000 ns
[2022-09-04T14:38:57.827+0000][1][safepoint    ] Safepoint "RevokeBias", Time since last: 1439934584 ns, Reaching safepoint: 370375 ns, At safepoint: 1746833 ns, Total: 2117208 ns
[2022-09-04T14:38:58.831+0000][1][safepoint    ] Safepoint "Cleanup", Time since last: 1002974417 ns, Reaching safepoint: 1173875 ns, At safepoint: 33500 ns, Total: 1207375 ns
[2022-09-04T14:38:59.024+0000][1][gc,start     ] GC(0) Pause Young (Allocation Failure)
[2022-09-04T14:38:59.036+0000][1][gc,task      ] GC(0) Using 4 workers of 4 for evacuation
[2022-09-04T14:38:59.100+0000][1][gc,age       ] GC(0) Desired survivor size 8945664 bytes, new threshold 1 (max threshold 6)
[2022-09-04T14:38:59.101+0000][1][gc,age       ] GC(0) Age table with threshold 1 (max threshold 6)
[2022-09-04T14:38:59.103+0000][1][gc,age       ] GC(0) - age   1:    9889264 bytes,    9889264 total
[2022-09-04T14:38:59.105+0000][1][gc,heap      ] GC(0) ParNew: 139776K->9756K(157248K)
[2022-09-04T14:38:59.106+0000][1][gc,heap      ] GC(0) CMS: 0K->0K(349568K)
[2022-09-04T14:38:59.108+0000][1][gc,metaspace ] GC(0) Metaspace: 16707K->16707K(1064960K)
[2022-09-04T14:38:59.110+0000][1][gc           ] GC(0) Pause Young (Allocation Failure) 136M->9M(494M) 85.640ms
[2022-09-04T14:38:59.111+0000][1][gc,cpu       ] GC(0) User=0.20s Sys=0.03s Real=0.09s
[2022-09-04T14:38:59.112+0000][1][safepoint    ] Safepoint "GenCollectForAllocation", Time since last: 192148834 ns, Reaching safepoint: 547958 ns, At safepoint: 88531625 ns, Total: 89079583 ns
[2022-09-04T14:38:59.127+0000][1][safepoint    ] Safepoint "RevokeBias", Time since last: 13392833 ns, Reaching safepoint: 532709 ns, At safepoint: 516791 ns, Total: 1049500 ns
[2022-09-04T14:38:59.131+0000][1][safepoint    ] Safepoint "RevokeBias", Time since last: 2278625 ns, Reaching safepoint: 937000 ns, At safepoint: 1022709 ns, Total: 1959709 ns
[2022-09-04T14:38:59.134+0000][1][safepoint    ] Safepoint "RevokeBias", Time since last: 1824041 ns, Reaching safepoint: 613875 ns, At safepoint: 318459 ns, Total: 932334 ns
[2022-09-04T14:38:59.139+0000][1][safepoint    ] Safepoint "RevokeBias", Time since last: 2720041 ns, Reaching safepoint: 1407292 ns, At safepoint: 1038375 ns, Total: 2445667 ns
[2022-09-04T14:38:59.144+0000][1][safepoint    ] Safepoint "RevokeBias", Time since last: 2966625 ns, Reaching safepoint: 1210792 ns, At safepoint: 1111750 ns, Total: 2322542 ns
[2022-09-04T14:38:59.149+0000][1][safepoint    ] Safepoint "RevokeBias", Time since last: 4628250 ns, Reaching safepoint: 328166 ns, At safepoint: 285625 ns, Total: 613791 ns
[2022-09-04T14:38:59.152+0000][1][safepoint    ] Safepoint "RevokeBias", Time since last: 2437459 ns, Reaching safepoint: 285625 ns, At safepoint: 285416 ns, Total: 571041 ns
[2022-09-04T14:38:59.155+0000][1][safepoint    ] Safepoint "RevokeBias", Time since last: 1784500 ns, Reaching safepoint: 262459 ns, At safepoint: 238666 ns, Total: 501125 ns
[2022-09-04T14:38:59.157+0000][1][safepoint    ] Safepoint "RevokeBias", Time since last: 1974792 ns, Reaching safepoint: 219125 ns, At safepoint: 192958 ns, Total: 412083 ns
[2022-09-04T14:38:59.159+0000][1][safepoint    ] Safepoint "RevokeBias", Time since last: 1066250 ns, Reaching safepoint: 295042 ns, At safepoint: 220875 ns, Total: 515917 ns
[2022-09-04T14:38:59.161+0000][1][safepoint    ] Safepoint "RevokeBias", Time since last: 1765208 ns, Reaching safepoint: 229334 ns, At safepoint: 198541 ns, Total: 427875 ns
[2022-09-04T14:38:59.163+0000][1][safepoint    ] Safepoint "RevokeBias", Time since last: 1104875 ns, Reaching safepoint: 433750 ns, At safepoint: 284959 ns, Total: 718709 ns
[2022-09-04T14:38:59.165+0000][1][safepoint    ] Safepoint "RevokeBias", Time since last: 1863541 ns, Reaching safepoint: 261209 ns, At safepoint: 203208 ns, Total: 464417 ns
[2022-09-04T14:38:59.167+0000][1][safepoint    ] Safepoint "RevokeBias", Time since last: 1347333 ns, Reaching safepoint: 500125 ns, At safepoint: 253542 ns, Total: 753667 ns
[2022-09-04T14:38:59.170+0000][1][safepoint    ] Safepoint "RevokeBias", Time since last: 2040958 ns, Reaching safepoint: 457834 ns, At safepoint: 278541 ns, Total: 736375 ns
[2022-09-04T14:38:59.175+0000][1][safepoint    ] Safepoint "RevokeBias", Time since last: 3787084 ns, Reaching safepoint: 784291 ns, At safepoint: 278875 ns, Total: 1063166 ns
[2022-09-04T14:38:59.177+0000][1][safepoint    ] Safepoint "RevokeBias", Time since last: 1950292 ns, Reaching safepoint: 234458 ns, At safepoint: 197125 ns, Total: 431583 ns
[2022-09-04T14:38:59.179+0000][1][safepoint    ] Safepoint "RevokeBias", Time since last: 1309709 ns, Reaching safepoint: 417708 ns, At safepoint: 273917 ns, Total: 691625 ns
[2022-09-04T14:38:59.182+0000][1][safepoint    ] Safepoint "RevokeBias", Time since last: 2166458 ns, Reaching safepoint: 271458 ns, At safepoint: 214709 ns, Total: 486167 ns
[2022-09-04T14:38:59.183+0000][1][safepoint    ] Safepoint "RevokeBias", Time since last: 1234583 ns, Reaching safepoint: 137792 ns, At safepoint: 272666 ns, Total: 410458 ns
[2022-09-04T14:38:59.185+0000][1][safepoint    ] Safepoint "RevokeBias", Time since last: 1704834 ns, Reaching safepoint: 295708 ns, At safepoint: 217208 ns, Total: 512916 ns
[2022-09-04T14:38:59.188+0000][1][safepoint    ] Safepoint "RevokeBias", Time since last: 1639959 ns, Reaching safepoint: 244125 ns, At safepoint: 202083 ns, Total: 446208 ns
[2022-09-04T14:38:59.191+0000][1][safepoint    ] Safepoint "RevokeBias", Time since last: 2221458 ns, Reaching safepoint: 461459 ns, At safepoint: 301791 ns, Total: 763250 ns
[2022-09-04T14:38:59.193+0000][1][safepoint    ] Safepoint "RevokeBias", Time since last: 1442625 ns, Reaching safepoint: 503000 ns, At safepoint: 236959 ns, Total: 739959 ns
[2022-09-04T14:38:59.195+0000][1][safepoint    ] Safepoint "RevokeBias", Time since last: 1986958 ns, Reaching safepoint: 375542 ns, At safepoint: 304583 ns, Total: 680125 ns
[2022-09-04T14:38:59.198+0000][1][safepoint    ] Safepoint "RevokeBias", Time since last: 1952125 ns, Reaching safepoint: 246292 ns, At safepoint: 240875 ns, Total: 487167 ns
[2022-09-04T14:38:59.201+0000][1][safepoint    ] Safepoint "RevokeBias", Time since last: 2451875 ns, Reaching safepoint: 569416 ns, At safepoint: 234209 ns, Total: 803625 ns
[2022-09-04T14:38:59.203+0000][1][safepoint    ] Safepoint "RevokeBias", Time since last: 1806916 ns, Reaching safepoint: 205417 ns, At safepoint: 253333 ns, Total: 458750 ns
[2022-09-04T14:38:59.207+0000][1][safepoint    ] Safepoint "RevokeBias", Time since last: 3238917 ns, Reaching safepoint: 290292 ns, At safepoint: 223583 ns, Total: 513875 ns
[2022-09-04T14:38:59.209+0000][1][safepoint    ] Safepoint "RevokeBias", Time since last: 1553375 ns, Reaching safepoint: 527583 ns, At safepoint: 278500 ns, Total: 806083 ns
[2022-09-04T14:38:59.212+0000][1][safepoint    ] Safepoint "RevokeBias", Time since last: 1982084 ns, Reaching safepoint: 322333 ns, At safepoint: 271167 ns, Total: 593500 ns
[2022-09-04T14:38:59.214+0000][1][safepoint    ] Safepoint "RevokeBias", Time since last: 1312875 ns, Reaching safepoint: 341708 ns, At safepoint: 220792 ns, Total: 562500 ns
[2022-09-04T14:38:59.216+0000][1][safepoint    ] Safepoint "RevokeBias", Time since last: 1177541 ns, Reaching safepoint: 477917 ns, At safepoint: 223792 ns, Total: 701709 ns
[2022-09-04T14:38:59.218+0000][1][safepoint    ] Safepoint "RevokeBias", Time since last: 1295333 ns, Reaching safepoint: 501375 ns, At safepoint: 241917 ns, Total: 743292 ns
[2022-09-04T14:38:59.223+0000][1][safepoint    ] Safepoint "RevokeBias", Time since last: 4230291 ns, Reaching safepoint: 307042 ns, At safepoint: 222542 ns, Total: 529584 ns
[2022-09-04T14:38:59.225+0000][1][safepoint    ] Safepoint "RevokeBias", Time since last: 1242750 ns, Reaching safepoint: 600250 ns, At safepoint: 212375 ns, Total: 812625 ns
[2022-09-04T14:38:59.227+0000][1][safepoint    ] Safepoint "RevokeBias", Time since last: 1376500 ns, Reaching safepoint: 498708 ns, At safepoint: 218167 ns, Total: 716875 ns
[2022-09-04T14:38:59.228+0000][1][safepoint    ] Safepoint "RevokeBias", Time since last: 962041 ns, Reaching safepoint: 260625 ns, At safepoint: 347584 ns, Total: 608209 ns
[2022-09-04T14:38:59.231+0000][1][safepoint    ] Safepoint "BulkRevokeBias", Time since last: 1427666 ns, Reaching safepoint: 322500 ns, At safepoint: 561834 ns, Total: 884334 ns
[2022-09-04T14:38:59.233+0000][1][safepoint    ] Safepoint "BulkRevokeBias", Time since last: 1917083 ns, Reaching safepoint: 267667 ns, At safepoint: 346833 ns, Total: 614500 ns
[2022-09-04T14:38:59.302+0000][1][safepoint    ] Safepoint "RevokeBias", Time since last: 68468208 ns, Reaching safepoint: 487584 ns, At safepoint: 199791 ns, Total: 687375 ns
[2022-09-04T14:38:59.342+0000][1][safepoint    ] Safepoint "RevokeBias", Time since last: 39349417 ns, Reaching safepoint: 312792 ns, At safepoint: 100833 ns, Total: 413625 ns
[2022-09-04T14:38:59.356+0000][1][safepoint    ] Safepoint "RevokeBias", Time since last: 13498958 ns, Reaching safepoint: 383834 ns, At safepoint: 60375 ns, Total: 444209 ns
[2022-09-04T14:38:59.420+0000][1][safepoint    ] Safepoint "RevokeBias", Time since last: 63471291 ns, Reaching safepoint: 485250 ns, At safepoint: 64459 ns, Total: 549709 ns
[2022-09-04T14:38:59.521+0000][1][safepoint    ] Safepoint "RevokeBias", Time since last: 99942458 ns, Reaching safepoint: 629542 ns, At safepoint: 71791 ns, Total: 701333 ns
[2022-09-04T14:38:59.599+0000][1][safepoint    ] Safepoint "Deoptimize", Time since last: 76206334 ns, Reaching safepoint: 383708 ns, At safepoint: 1422375 ns, Total: 1806083 ns
[2022-09-04T14:38:59.669+0000][1][safepoint    ] Safepoint "Deoptimize", Time since last: 68949834 ns, Reaching safepoint: 307375 ns, At safepoint: 878916 ns, Total: 1186291 ns
[2022-09-04T14:38:59.674+0000][1][safepoint    ] Safepoint "Deoptimize", Time since last: 4147625 ns, Reaching safepoint: 94959 ns, At safepoint: 821875 ns, Total: 916834 ns
[2022-09-04T14:39:00.266+0000][1][safepoint    ] Safepoint "Deoptimize", Time since last: 590542250 ns, Reaching safepoint: 629166 ns, At safepoint: 1113000 ns, Total: 1742166 ns
[2022-09-04T14:39:01.268+0000][1][safepoint    ] Safepoint "Cleanup", Time since last: 1001496667 ns, Reaching safepoint: 1057792 ns, At safepoint: 49166 ns, Total: 1106958 ns
[2022-09-04T14:39:01.759+0000][1][gc,start     ] GC(1) Pause Young (Allocation Failure)
[2022-09-04T14:39:01.762+0000][1][gc,task      ] GC(1) Using 4 workers of 4 for evacuation
[2022-09-04T14:39:01.903+0000][1][gc,age       ] GC(1) Desired survivor size 8945664 bytes, new threshold 6 (max threshold 6)
[2022-09-04T14:39:01.905+0000][1][gc,age       ] GC(1) Age table with threshold 6 (max threshold 6)
[2022-09-04T14:39:01.906+0000][1][gc,age       ] GC(1) - age   1:    2426696 bytes,    2426696 total
[2022-09-04T14:39:01.907+0000][1][gc,heap      ] GC(1) ParNew: 149532K->5387K(157248K)
[2022-09-04T14:39:01.908+0000][1][gc,heap      ] GC(1) CMS: 0K->10384K(349568K)
[2022-09-04T14:39:01.909+0000][1][gc,metaspace ] GC(1) Metaspace: 19411K->19411K(1067008K)
[2022-09-04T14:39:01.911+0000][1][gc           ] GC(1) Pause Young (Allocation Failure) 146M->15M(494M) 151.903ms
[2022-09-04T14:39:01.912+0000][1][gc,cpu       ] GC(1) User=0.50s Sys=0.03s Real=0.15s
[2022-09-04T14:39:01.913+0000][1][safepoint    ] Safepoint "GenCollectForAllocation", Time since last: 489885001 ns, Reaching safepoint: 721333 ns, At safepoint: 154226292 ns, Total: 154947625 ns
[2022-09-04T14:39:01.922+0000][1][safepoint    ] Safepoint "RevokeBias", Time since last: 7834000 ns, Reaching safepoint: 777791 ns, At safepoint: 417042 ns, Total: 1194833 ns
[2022-09-04T14:39:01.927+0000][1][safepoint    ] Safepoint "RevokeBias", Time since last: 1366583 ns, Reaching safepoint: 2365875 ns, At safepoint: 1248792 ns, Total: 3614667 ns
[2022-09-04T14:39:01.939+0000][1][safepoint    ] Safepoint "RevokeBias", Time since last: 10751375 ns, Reaching safepoint: 925750 ns, At safepoint: 193750 ns, Total: 1119500 ns
[2022-09-04T14:39:01.946+0000][1][safepoint    ] Safepoint "RevokeBias", Time since last: 6781917 ns, Reaching safepoint: 621208 ns, At safepoint: 184375 ns, Total: 805583 ns
[2022-09-04T14:39:01.953+0000][1][safepoint    ] Safepoint "RevokeBias", Time since last: 4949625 ns, Reaching safepoint: 1186042 ns, At safepoint: 183416 ns, Total: 1369458 ns
[2022-09-04T14:39:01.956+0000][1][safepoint    ] Safepoint "RevokeBias", Time since last: 2026167 ns, Reaching safepoint: 578542 ns, At safepoint: 219416 ns, Total: 797958 ns
[2022-09-04T14:39:01.958+0000][1][safepoint    ] Safepoint "RevokeBias", Time since last: 2263542 ns, Reaching safepoint: 250708 ns, At safepoint: 158750 ns, Total: 409458 ns
[2022-09-04T14:39:01.960+0000][1][safepoint    ] Safepoint "RevokeBias", Time since last: 1159959 ns, Reaching safepoint: 681000 ns, At safepoint: 150166 ns, Total: 831166 ns
[2022-09-04T14:39:01.963+0000][1][safepoint    ] Safepoint "RevokeBias", Time since last: 1832042 ns, Reaching safepoint: 323208 ns, At safepoint: 337250 ns, Total: 660458 ns
[2022-09-04T14:39:01.965+0000][1][safepoint    ] Safepoint "RevokeBias", Time since last: 1512750 ns, Reaching safepoint: 340000 ns, At safepoint: 168250 ns, Total: 508250 ns
[2022-09-04T14:39:01.968+0000][1][safepoint    ] Safepoint "RevokeBias", Time since last: 3038584 ns, Reaching safepoint: 525500 ns, At safepoint: 151583 ns, Total: 677083 ns
[2022-09-04T14:39:01.971+0000][1][safepoint    ] Safepoint "RevokeBias", Time since last: 1131042 ns, Reaching safepoint: 821333 ns, At safepoint: 356500 ns, Total: 1177833 ns
[2022-09-04T14:39:01.976+0000][1][safepoint    ] Safepoint "RevokeBias", Time since last: 4320375 ns, Reaching safepoint: 293542 ns, At safepoint: 175583 ns, Total: 469125 ns
[2022-09-04T14:39:01.979+0000][1][safepoint    ] Safepoint "RevokeBias", Time since last: 2861292 ns, Reaching safepoint: 381291 ns, At safepoint: 132834 ns, Total: 514125 ns
[2022-09-04T14:39:01.982+0000][1][safepoint    ] Safepoint "RevokeBias", Time since last: 2987291 ns, Reaching safepoint: 241750 ns, At safepoint: 124625 ns, Total: 366375 ns
[2022-09-04T14:39:02.984+0000][1][safepoint    ] Safepoint "Cleanup", Time since last: 1000906501 ns, Reaching safepoint: 1093583 ns, At safepoint: 52875 ns, Total: 1146458 ns
[2022-09-04T14:39:03.716+0000][1][safepoint    ] Safepoint "CollectForMetadataAllocation", Time since last: 730677709 ns, Reaching safepoint: 782833 ns, At safepoint: 492042 ns, Total: 1274875 ns
[2022-09-04T14:39:03.744+0000][1][safepoint    ] Safepoint "Deoptimize", Time since last: 25946458 ns, Reaching safepoint: 576542 ns, At safepoint: 1177458 ns, Total: 1754000 ns
[2022-09-04T14:39:03.920+0000][1][gc,start     ] GC(2) Pause Initial Mark
[2022-09-04T14:39:04.119+0000][1][gc           ] GC(2) Pause Initial Mark 144M->144M(494M) 198.803ms
[2022-09-04T14:39:04.121+0000][1][gc,cpu       ] GC(2) User=0.75s Sys=0.00s Real=0.20s
[2022-09-04T14:39:04.123+0000][1][safepoint    ] Safepoint "CMS_Initial_Mark", Time since last: 174762250 ns, Reaching safepoint: 560209 ns, At safepoint: 203546125 ns, Total: 204106334 ns
[2022-09-04T14:39:04.127+0000][1][gc           ] GC(2) Concurrent Mark
[2022-09-04T14:39:04.219+0000][1][gc           ] GC(2) Concurrent Mark 91.749ms
[2022-09-04T14:39:04.221+0000][1][gc,cpu       ] GC(2) User=0.36s Sys=0.00s Real=0.09s
[2022-09-04T14:39:04.223+0000][1][gc           ] GC(2) Concurrent Preclean
[2022-09-04T14:39:04.237+0000][1][gc           ] GC(2) Concurrent Preclean 13.843ms
[2022-09-04T14:39:04.239+0000][1][gc,cpu       ] GC(2) User=0.04s Sys=0.00s Real=0.02s
[2022-09-04T14:39:04.240+0000][1][gc           ] GC(2) Concurrent Abortable Preclean
[2022-09-04T14:39:04.293+0000][1][safepoint    ] Safepoint "Deoptimize", Time since last: 168716625 ns, Reaching safepoint: 440125 ns, At safepoint: 1280875 ns, Total: 1721000 ns
[2022-09-04T14:39:04.454+0000][1][gc,start     ] GC(3) Pause Young (Allocation Failure)
[2022-09-04T14:39:04.456+0000][1][gc,task      ] GC(3) Using 4 workers of 4 for evacuation
[2022-09-04T14:39:04.489+0000][1][gc,age       ] GC(3) Desired survivor size 8945664 bytes, new threshold 6 (max threshold 6)
[2022-09-04T14:39:04.490+0000][1][gc,age       ] GC(3) Age table with threshold 6 (max threshold 6)
[2022-09-04T14:39:04.491+0000][1][gc,age       ] GC(3) - age   1:    3759624 bytes,    3759624 total
[2022-09-04T14:39:04.493+0000][1][gc,age       ] GC(3) - age   2:    1755384 bytes,    5515008 total
[2022-09-04T14:39:04.495+0000][1][gc,heap      ] GC(3) ParNew: 145163K->6867K(157248K)
[2022-09-04T14:39:04.497+0000][1][gc,heap      ] GC(3) CMS: 10384K->10384K(349568K)
[2022-09-04T14:39:04.498+0000][1][gc,metaspace ] GC(3) Metaspace: 20492K->20492K(1069056K)
[2022-09-04T14:39:04.499+0000][1][gc           ] GC(3) Pause Young (Allocation Failure) 151M->16M(494M) 44.964ms
[2022-09-04T14:39:04.500+0000][1][gc,cpu       ] GC(3) User=0.13s Sys=0.01s Real=0.04s
[2022-09-04T14:39:04.501+0000][1][safepoint    ] Safepoint "GenCollectForAllocation", Time since last: 159783500 ns, Reaching safepoint: 811000 ns, At safepoint: 47089792 ns, Total: 47900792 ns
[2022-09-04T14:39:04.515+0000][1][safepoint    ] Safepoint "RevokeBias", Time since last: 9414583 ns, Reaching safepoint: 3664792 ns, At safepoint: 794125 ns, Total: 4458917 ns
[2022-09-04T14:39:04.519+0000][1][safepoint    ] Safepoint "RevokeBias", Time since last: 2178750 ns, Reaching safepoint: 1154458 ns, At safepoint: 545167 ns, Total: 1699625 ns
[2022-09-04T14:39:04.526+0000][1][safepoint    ] Safepoint "RevokeBias", Time since last: 3495583 ns, Reaching safepoint: 3558958 ns, At safepoint: 167292 ns, Total: 3726250 ns
[2022-09-04T14:39:04.529+0000][1][safepoint    ] Safepoint "RevokeBias", Time since last: 1488750 ns, Reaching safepoint: 879708 ns, At safepoint: 884125 ns, Total: 1763833 ns
[2022-09-04T14:39:04.542+0000][1][safepoint    ] Safepoint "RevokeBias", Time since last: 11766209 ns, Reaching safepoint: 824541 ns, At safepoint: 174959 ns, Total: 999500 ns
[2022-09-04T14:39:04.551+0000][1][safepoint    ] Safepoint "RevokeBias", Time since last: 8749041 ns, Reaching safepoint: 435209 ns, At safepoint: 227583 ns, Total: 662792 ns
[2022-09-04T14:39:04.556+0000][1][safepoint    ] Safepoint "RevokeBias", Time since last: 3671167 ns, Reaching safepoint: 566500 ns, At safepoint: 187333 ns, Total: 753833 ns
[2022-09-04T14:39:04.558+0000][1][safepoint    ] Safepoint "RevokeBias", Time since last: 1401875 ns, Reaching safepoint: 874375 ns, At safepoint: 164875 ns, Total: 1039250 ns
[2022-09-04T14:39:04.560+0000][1][safepoint    ] Safepoint "RevokeBias", Time since last: 1547917 ns, Reaching safepoint: 427166 ns, At safepoint: 186334 ns, Total: 613500 ns
[2022-09-04T14:39:04.565+0000][1][safepoint    ] Safepoint "RevokeBias", Time since last: 3702625 ns, Reaching safepoint: 650500 ns, At safepoint: 194958 ns, Total: 845458 ns
[2022-09-04T14:39:04.568+0000][1][safepoint    ] Safepoint "RevokeBias", Time since last: 2088583 ns, Reaching safepoint: 594709 ns, At safepoint: 206125 ns, Total: 800834 ns
[2022-09-04T14:39:04.572+0000][1][safepoint    ] Safepoint "RevokeBias", Time since last: 3330375 ns, Reaching safepoint: 640500 ns, At safepoint: 240333 ns, Total: 880833 ns
[2022-09-04T14:39:04.575+0000][1][safepoint    ] Safepoint "RevokeBias", Time since last: 2332667 ns, Reaching safepoint: 374833 ns, At safepoint: 189333 ns, Total: 564166 ns
[2022-09-04T14:39:04.578+0000][1][safepoint    ] Safepoint "RevokeBias", Time since last: 2067792 ns, Reaching safepoint: 467333 ns, At safepoint: 269167 ns, Total: 736500 ns
[2022-09-04T14:39:04.580+0000][1][safepoint    ] Safepoint "RevokeBias", Time since last: 2093875 ns, Reaching safepoint: 340542 ns, At safepoint: 132833 ns, Total: 473375 ns
[2022-09-04T14:39:04.587+0000][1][safepoint    ] Safepoint "RevokeBias", Time since last: 5544292 ns, Reaching safepoint: 433041 ns, At safepoint: 350667 ns, Total: 783708 ns
[2022-09-04T14:39:04.589+0000][1][safepoint    ] Safepoint "RevokeBias", Time since last: 2159167 ns, Reaching safepoint: 462750 ns, At safepoint: 192916 ns, Total: 655666 ns
[2022-09-04T14:39:05.129+0000][1][safepoint    ] Safepoint "CollectForMetadataAllocation", Time since last: 537363709 ns, Reaching safepoint: 1636208 ns, At safepoint: 259708 ns, Total: 1895916 ns
[2022-09-04T14:39:05.384+0000][1][gc           ] GC(2) Concurrent Abortable Preclean 1143.554ms
[2022-09-04T14:39:05.385+0000][1][gc,cpu       ] GC(2) User=3.77s Sys=0.07s Real=1.15s
[2022-09-04T14:39:05.388+0000][1][gc,start     ] GC(2) Pause Remark
[2022-09-04T14:39:05.582+0000][1][gc           ] GC(2) Pause Remark 118M->118M(494M) 194.012ms
[2022-09-04T14:39:05.584+0000][1][gc,cpu       ] GC(2) User=0.58s Sys=0.01s Real=0.20s
[2022-09-04T14:39:05.586+0000][1][safepoint    ] Safepoint "CMS_Final_Remark", Time since last: 258975876 ns, Reaching safepoint: 363291 ns, At safepoint: 197586917 ns, Total: 197950208 ns
[2022-09-04T14:39:05.588+0000][1][gc           ] GC(2) Concurrent Sweep
[2022-09-04T14:39:05.623+0000][1][gc           ] GC(2) Concurrent Sweep 35.315ms
[2022-09-04T14:39:05.626+0000][1][gc,cpu       ] GC(2) User=0.11s Sys=0.01s Real=0.04s
[2022-09-04T14:39:05.631+0000][1][gc           ] GC(2) Concurrent Reset
[2022-09-04T14:39:05.635+0000][1][gc           ] GC(2) Concurrent Reset 4.675ms
[2022-09-04T14:39:05.637+0000][1][gc,cpu       ] GC(2) User=0.02s Sys=0.00s Real=0.01s
[2022-09-04T14:39:05.638+0000][1][gc,heap      ] GC(2) Old: 10384K->10378K(349568K)
[2022-09-04T14:39:06.139+0000][1][gc,start     ] GC(4) Pause Young (Allocation Failure)
[2022-09-04T14:39:06.141+0000][1][gc,task      ] GC(4) Using 4 workers of 4 for evacuation
[2022-09-04T14:39:06.169+0000][1][gc,age       ] GC(4) Desired survivor size 8945664 bytes, new threshold 6 (max threshold 6)
[2022-09-04T14:39:06.171+0000][1][gc,age       ] GC(4) Age table with threshold 6 (max threshold 6)
[2022-09-04T14:39:06.172+0000][1][gc,age       ] GC(4) - age   1:    1231272 bytes,    1231272 total
[2022-09-04T14:39:06.174+0000][1][gc,age       ] GC(4) - age   2:    3146640 bytes,    4377912 total
[2022-09-04T14:39:06.175+0000][1][gc,age       ] GC(4) - age   3:    1755048 bytes,    6132960 total
[2022-09-04T14:39:06.176+0000][1][gc,heap      ] GC(4) ParNew: 146643K->8935K(157248K)
[2022-09-04T14:39:06.177+0000][1][gc,heap      ] GC(4) CMS: 10378K->10378K(349568K)
[2022-09-04T14:39:06.178+0000][1][gc,metaspace ] GC(4) Metaspace: 20748K->20748K(1069056K)
[2022-09-04T14:39:06.179+0000][1][gc           ] GC(4) Pause Young (Allocation Failure) 153M->18M(494M) 40.174ms
[2022-09-04T14:39:06.181+0000][1][gc,cpu       ] GC(4) User=0.10s Sys=0.00s Real=0.04s
[2022-09-04T14:39:06.182+0000][1][safepoint    ] Safepoint "GenCollectForAllocation", Time since last: 550533792 ns, Reaching safepoint: 2785083 ns, At safepoint: 42924209 ns, Total: 45709292 ns
[2022-09-04T14:39:06.190+0000][1][safepoint    ] Safepoint "RevokeBias", Time since last: 7196416 ns, Reaching safepoint: 308042 ns, At safepoint: 257792 ns, Total: 565834 ns
[2022-09-04T14:39:06.192+0000][1][safepoint    ] Safepoint "RevokeBias", Time since last: 1429583 ns, Reaching safepoint: 378333 ns, At safepoint: 158709 ns, Total: 537042 ns
[2022-09-04T14:39:06.195+0000][1][safepoint    ] Safepoint "RevokeBias", Time since last: 2947625 ns, Reaching safepoint: 442250 ns, At safepoint: 209208 ns, Total: 651458 ns
[2022-09-04T14:39:06.197+0000][1][safepoint    ] Safepoint "RevokeBias", Time since last: 1618250 ns, Reaching safepoint: 405792 ns, At safepoint: 140083 ns, Total: 545875 ns
[2022-09-04T14:39:06.201+0000][1][safepoint    ] Safepoint "RevokeBias", Time since last: 2451917 ns, Reaching safepoint: 422000 ns, At safepoint: 406000 ns, Total: 828000 ns
[2022-09-04T14:39:06.203+0000][1][safepoint    ] Safepoint "RevokeBias", Time since last: 1356791 ns, Reaching safepoint: 397000 ns, At safepoint: 285542 ns, Total: 682542 ns
[2022-09-04T14:39:06.206+0000][1][safepoint    ] Safepoint "RevokeBias", Time since last: 2218042 ns, Reaching safepoint: 388416 ns, At safepoint: 172292 ns, Total: 560708 ns
[2022-09-04T14:39:06.208+0000][1][safepoint    ] Safepoint "RevokeBias", Time since last: 1666583 ns, Reaching safepoint: 236709 ns, At safepoint: 246291 ns, Total: 483000 ns
[2022-09-04T14:39:06.756+0000][1][safepoint    ] Safepoint "RevokeBias", Time since last: 547370417 ns, Reaching safepoint: 815417 ns, At safepoint: 101708 ns, Total: 917125 ns
[2022-09-04T14:39:06.766+0000][1][safepoint    ] Safepoint "RevokeBias", Time since last: 9232209 ns, Reaching safepoint: 674750 ns, At safepoint: 95041 ns, Total: 769791 ns
[2022-09-04T14:39:07.768+0000][1][safepoint    ] Safepoint "Cleanup", Time since last: 1001516667 ns, Reaching safepoint: 899500 ns, At safepoint: 14834 ns, Total: 914334 ns
[2022-09-04T14:39:07.779+0000][1][gc,start     ] GC(5) Pause Young (Allocation Failure)
[2022-09-04T14:39:07.781+0000][1][gc,task      ] GC(5) Using 4 workers of 4 for evacuation
[2022-09-04T14:39:07.814+0000][1][gc,age       ] GC(5) Desired survivor size 8945664 bytes, new threshold 6 (max threshold 6)
[2022-09-04T14:39:07.816+0000][1][gc,age       ] GC(5) Age table with threshold 6 (max threshold 6)
[2022-09-04T14:39:07.817+0000][1][gc,age       ] GC(5) - age   1:    1029752 bytes,    1029752 total
[2022-09-04T14:39:07.818+0000][1][gc,age       ] GC(5) - age   2:     952248 bytes,    1982000 total
[2022-09-04T14:39:07.819+0000][1][gc,age       ] GC(5) - age   3:    3145432 bytes,    5127432 total
[2022-09-04T14:39:07.820+0000][1][gc,age       ] GC(5) - age   4:    1755048 bytes,    6882480 total
[2022-09-04T14:39:07.821+0000][1][gc,heap      ] GC(5) ParNew: 148711K->8413K(157248K)
[2022-09-04T14:39:07.822+0000][1][gc,heap      ] GC(5) CMS: 10378K->10378K(349568K)
[2022-09-04T14:39:07.823+0000][1][gc,metaspace ] GC(5) Metaspace: 21828K->21828K(1069056K)
[2022-09-04T14:39:07.824+0000][1][gc           ] GC(5) Pause Young (Allocation Failure) 155M->18M(494M) 45.513ms
[2022-09-04T14:39:07.826+0000][1][gc,cpu       ] GC(5) User=0.15s Sys=0.00s Real=0.05s
[2022-09-04T14:39:07.827+0000][1][safepoint    ] Safepoint "GenCollectForAllocation", Time since last: 9886250 ns, Reaching safepoint: 501916 ns, At safepoint: 48105584 ns, Total: 48607500 ns
[2022-09-04T14:39:07.833+0000][1][safepoint    ] Safepoint "BulkRevokeBias", Time since last: 5157416 ns, Reaching safepoint: 653500 ns, At safepoint: 360834 ns, Total: 1014334 ns
[2022-09-04T14:39:07.836+0000][1][safepoint    ] Safepoint "BulkRevokeBias", Time since last: 1819916 ns, Reaching safepoint: 368167 ns, At safepoint: 412333 ns, Total: 780500 ns
[2022-09-04T14:39:08.855+0000][1][safepoint    ] Safepoint "Cleanup", Time since last: 1005549834 ns, Reaching safepoint: 5001125 ns, At safepoint: 1064667 ns, Total: 6065792 ns
[2022-09-04T14:39:09.396+0000][1][gc,start     ] GC(6) Pause Young (Allocation Failure)
[2022-09-04T14:39:09.403+0000][1][gc,task      ] GC(6) Using 4 workers of 4 for evacuation
[2022-09-04T14:39:09.464+0000][1][gc,age       ] GC(6) Desired survivor size 8945664 bytes, new threshold 6 (max threshold 6)
[2022-09-04T14:39:09.465+0000][1][gc,age       ] GC(6) Age table with threshold 6 (max threshold 6)
[2022-09-04T14:39:09.467+0000][1][gc,age       ] GC(6) - age   1:    1470992 bytes,    1470992 total
[2022-09-04T14:39:09.468+0000][1][gc,age       ] GC(6) - age   2:    1003368 bytes,    2474360 total
[2022-09-04T14:39:09.469+0000][1][gc,age       ] GC(6) - age   3:     951960 bytes,    3426320 total
[2022-09-04T14:39:09.471+0000][1][gc,age       ] GC(6) - age   4:    3145432 bytes,    6571752 total
[2022-09-04T14:39:09.472+0000][1][gc,age       ] GC(6) - age   5:    1754768 bytes,    8326520 total
[2022-09-04T14:39:09.475+0000][1][gc,heap      ] GC(6) ParNew: 148189K->11275K(157248K)
[2022-09-04T14:39:09.475+0000][1][gc,heap      ] GC(6) CMS: 10378K->10378K(349568K)
[2022-09-04T14:39:09.477+0000][1][gc,metaspace ] GC(6) Metaspace: 21869K->21869K(1069056K)
[2022-09-04T14:39:09.479+0000][1][gc           ] GC(6) Pause Young (Allocation Failure) 154M->21M(494M) 83.905ms
[2022-09-04T14:39:09.480+0000][1][gc,cpu       ] GC(6) User=0.22s Sys=0.03s Real=0.08s
[2022-09-04T14:39:09.482+0000][1][safepoint    ] Safepoint "GenCollectForAllocation", Time since last: 544562667 ns, Reaching safepoint: 291458 ns, At safepoint: 89513250 ns, Total: 89804708 ns
[2022-09-04T14:39:09.916+0000][1][safepoint    ] Safepoint "RevokeBias", Time since last: 432030709 ns, Reaching safepoint: 651500 ns, At safepoint: 1958208 ns, Total: 2609708 ns
[2022-09-04T14:39:09.922+0000][1][safepoint    ] Safepoint "RevokeBias", Time since last: 4864333 ns, Reaching safepoint: 362000 ns, At safepoint: 144459 ns, Total: 506459 ns
[2022-09-04T14:39:09.927+0000][1][safepoint    ] Safepoint "RevokeBias", Time since last: 5085458 ns, Reaching safepoint: 264833 ns, At safepoint: 71750 ns, Total: 336583 ns
[2022-09-04T14:39:10.925+0000][1][gc,start     ] GC(7) Pause Young (Allocation Failure)
[2022-09-04T14:39:10.929+0000][1][gc,task      ] GC(7) Using 4 workers of 4 for evacuation
[2022-09-04T14:39:10.977+0000][1][gc,age       ] GC(7) Desired survivor size 8945664 bytes, new threshold 6 (max threshold 6)
[2022-09-04T14:39:10.979+0000][1][gc,age       ] GC(7) Age table with threshold 6 (max threshold 6)
[2022-09-04T14:39:10.981+0000][1][gc,age       ] GC(7) - age   1:    1155104 bytes,    1155104 total
[2022-09-04T14:39:10.982+0000][1][gc,age       ] GC(7) - age   2:     280200 bytes,    1435304 total
[2022-09-04T14:39:10.984+0000][1][gc,age       ] GC(7) - age   3:    1003368 bytes,    2438672 total
[2022-09-04T14:39:10.985+0000][1][gc,age       ] GC(7) - age   4:     951680 bytes,    3390352 total
[2022-09-04T14:39:10.986+0000][1][gc,age       ] GC(7) - age   5:    3145408 bytes,    6535760 total
[2022-09-04T14:39:10.988+0000][1][gc,age       ] GC(7) - age   6:    1754712 bytes,    8290472 total
[2022-09-04T14:39:10.989+0000][1][gc,heap      ] GC(7) ParNew: 151051K->13491K(157248K)
[2022-09-04T14:39:10.990+0000][1][gc,heap      ] GC(7) CMS: 10378K->10378K(349568K)
[2022-09-04T14:39:10.991+0000][1][gc,metaspace ] GC(7) Metaspace: 22081K->22081K(1069056K)
[2022-09-04T14:39:10.993+0000][1][gc           ] GC(7) Pause Young (Allocation Failure) 157M->23M(494M) 67.821ms
[2022-09-04T14:39:10.994+0000][1][gc,cpu       ] GC(7) User=0.13s Sys=0.00s Real=0.07s
[2022-09-04T14:39:10.995+0000][1][safepoint    ] Safepoint "GenCollectForAllocation", Time since last: 992407751 ns, Reaching safepoint: 5632583 ns, At safepoint: 70393375 ns, Total: 76025958 ns
[2022-09-04T14:39:12.000+0000][1][safepoint    ] Safepoint "Cleanup", Time since last: 1003269376 ns, Reaching safepoint: 1139375 ns, At safepoint: 29583 ns, Total: 1168958 ns
[2022-09-04T14:39:13.005+0000][1][safepoint    ] Safepoint "Cleanup", Time since last: 1002733084 ns, Reaching safepoint: 1951708 ns, At safepoint: 35875 ns, Total: 1987583 ns
[2022-09-04T14:39:13.452+0000][1][safepoint    ] Safepoint "RevokeBias", Time since last: 446628292 ns, Reaching safepoint: 914417 ns, At safepoint: 110833 ns, Total: 1025250 ns
[2022-09-04T14:39:13.456+0000][1][safepoint    ] Safepoint "RevokeBias", Time since last: 3307208 ns, Reaching safepoint: 260042 ns, At safepoint: 81292 ns, Total: 341334 ns
[2022-09-04T14:39:13.459+0000][1][safepoint    ] Safepoint "RevokeBias", Time since last: 2527083 ns, Reaching safepoint: 189208 ns, At safepoint: 85792 ns, Total: 275000 ns
[2022-09-04T14:39:14.461+0000][1][safepoint    ] Safepoint "Cleanup", Time since last: 1001436792 ns, Reaching safepoint: 1093750 ns, At safepoint: 37584 ns, Total: 1131334 ns
[2022-09-04T14:39:14.819+0000][1][safepoint    ] Safepoint "Deoptimize", Time since last: 354690041 ns, Reaching safepoint: 268625 ns, At safepoint: 2361542 ns, Total: 2630167 ns
[2022-09-04T14:39:14.906+0000][1][gc,start     ] GC(8) Pause Young (Allocation Failure)
[2022-09-04T14:39:14.908+0000][1][gc,task      ] GC(8) Using 4 workers of 4 for evacuation
[2022-09-04T14:39:14.964+0000][1][gc,age       ] GC(8) Desired survivor size 8945664 bytes, new threshold 6 (max threshold 6)
[2022-09-04T14:39:14.969+0000][1][gc,age       ] GC(8) Age table with threshold 6 (max threshold 6)
[2022-09-04T14:39:14.972+0000][1][gc,age       ] GC(8) - age   1:    2574664 bytes,    2574664 total
[2022-09-04T14:39:14.977+0000][1][gc,age       ] GC(8) - age   2:     429528 bytes,    3004192 total
[2022-09-04T14:39:14.978+0000][1][gc,age       ] GC(8) - age   3:     279912 bytes,    3284104 total
[2022-09-04T14:39:14.979+0000][1][gc,age       ] GC(8) - age   4:    1000240 bytes,    4284344 total
[2022-09-04T14:39:14.980+0000][1][gc,age       ] GC(8) - age   5:     948592 bytes,    5232936 total
[2022-09-04T14:39:14.981+0000][1][gc,age       ] GC(8) - age   6:    3131400 bytes,    8364336 total
[2022-09-04T14:39:14.982+0000][1][gc,heap      ] GC(8) ParNew: 153267K->13998K(157248K)
[2022-09-04T14:39:14.983+0000][1][gc,heap      ] GC(8) CMS: 10378K->12115K(349568K)
[2022-09-04T14:39:14.984+0000][1][gc,metaspace ] GC(8) Metaspace: 27919K->27919K(1075200K)
[2022-09-04T14:39:14.986+0000][1][gc           ] GC(8) Pause Young (Allocation Failure) 159M->25M(494M) 79.439ms
[2022-09-04T14:39:14.987+0000][1][gc,cpu       ] GC(8) User=0.17s Sys=0.02s Real=0.08s
[2022-09-04T14:39:14.988+0000][1][safepoint    ] Safepoint "GenCollectForAllocation", Time since last: 87381875 ns, Reaching safepoint: 216542 ns, At safepoint: 82031750 ns, Total: 82248292 ns
[2022-09-04T14:39:15.995+0000][1][safepoint    ] Safepoint "Cleanup", Time since last: 1005543959 ns, Reaching safepoint: 956333 ns, At safepoint: 32417 ns, Total: 988750 ns
[2022-09-04T14:39:16.997+0000][1][safepoint    ] Safepoint "Cleanup", Time since last: 1001438667 ns, Reaching safepoint: 1141708 ns, At safepoint: 90917 ns, Total: 1232625 ns
[2022-09-04T14:39:18.001+0000][1][safepoint    ] Safepoint "Cleanup", Time since last: 1002640875 ns, Reaching safepoint: 1204459 ns, At safepoint: 33625 ns, Total: 1238084 ns
[2022-09-04T14:39:18.619+0000][1][safepoint    ] Safepoint "RevokeBias", Time since last: 616089458 ns, Reaching safepoint: 545250 ns, At safepoint: 676042 ns, Total: 1221292 ns
[2022-09-04T14:39:19.621+0000][1][safepoint    ] Safepoint "Cleanup", Time since last: 1001719459 ns, Reaching safepoint: 610833 ns, At safepoint: 24542 ns, Total: 635375 ns
[2022-09-04T14:39:20.624+0000][1][safepoint    ] Safepoint "Cleanup", Time since last: 1001890709 ns, Reaching safepoint: 569458 ns, At safepoint: 145667 ns, Total: 715125 ns
[2022-09-04T14:39:20.883+0000][1][safepoint    ] Safepoint "Deoptimize", Time since last: 256944916 ns, Reaching safepoint: 185417 ns, At safepoint: 2045417 ns, Total: 2230834 ns
[2022-09-04T14:39:22.078+0000][1][safepoint    ] Safepoint "Cleanup", Time since last: 1194191875 ns, Reaching safepoint: 1025500 ns, At safepoint: 17709 ns, Total: 1043209 ns
[2022-09-04T14:39:23.311+0000][1][safepoint    ] Safepoint "Cleanup", Time since last: 1232153875 ns, Reaching safepoint: 970833 ns, At safepoint: 26667 ns, Total: 997500 ns
[2022-09-04T14:39:24.320+0000][1][safepoint    ] Safepoint "Cleanup", Time since last: 1008240709 ns, Reaching safepoint: 515750 ns, At safepoint: 24375 ns, Total: 540125 ns
[2022-09-04T14:39:24.598+0000][1][gc,start     ] GC(9) Pause Young (Allocation Failure)
[2022-09-04T14:39:24.600+0000][1][gc,task      ] GC(9) Using 4 workers of 4 for evacuation
[2022-09-04T14:39:24.790+0000][1][gc,age       ] GC(9) Desired survivor size 8945664 bytes, new threshold 1 (max threshold 6)
[2022-09-04T14:39:24.792+0000][1][gc,age       ] GC(9) Age table with threshold 1 (max threshold 6)
[2022-09-04T14:39:24.795+0000][1][gc,age       ] GC(9) - age   1:   12866776 bytes,   12866776 total
[2022-09-04T14:39:24.797+0000][1][gc,age       ] GC(9) - age   2:    2332936 bytes,   15199712 total
[2022-09-04T14:39:24.799+0000][1][gc,age       ] GC(9) - age   3:     427104 bytes,   15626816 total
[2022-09-04T14:39:24.800+0000][1][gc,age       ] GC(9) - age   4:     279912 bytes,   15906728 total
[2022-09-04T14:39:24.801+0000][1][gc,age       ] GC(9) - age   5:     999600 bytes,   16906328 total
[2022-09-04T14:39:24.802+0000][1][gc,age       ] GC(9) - age   6:     948080 bytes,   17854408 total
[2022-09-04T14:39:24.803+0000][1][gc,heap      ] GC(9) ParNew: 153774K->17472K(157248K)
[2022-09-04T14:39:24.804+0000][1][gc,heap      ] GC(9) CMS: 12115K->22852K(349568K)
[2022-09-04T14:39:24.806+0000][1][gc,metaspace ] GC(9) Metaspace: 29132K->29132K(1077248K)
[2022-09-04T14:39:24.807+0000][1][gc           ] GC(9) Pause Young (Allocation Failure) 162M->39M(494M) 209.289ms
[2022-09-04T14:39:24.808+0000][1][gc,cpu       ] GC(9) User=0.71s Sys=0.01s Real=0.21s
[2022-09-04T14:39:24.811+0000][1][safepoint    ] Safepoint "GenCollectForAllocation", Time since last: 277536958 ns, Reaching safepoint: 347250 ns, At safepoint: 213354459 ns, Total: 213701709 ns
[2022-09-04T14:39:25.814+0000][1][safepoint    ] Safepoint "Cleanup", Time since last: 1001988542 ns, Reaching safepoint: 537333 ns, At safepoint: 25125 ns, Total: 562458 ns
[2022-09-04T14:39:26.648+0000][1][safepoint    ] Safepoint "RevokeBias", Time since last: 833676709 ns, Reaching safepoint: 708792 ns, At safepoint: 245166 ns, Total: 953958 ns
[2022-09-04T14:39:27.652+0000][1][safepoint    ] Safepoint "Cleanup", Time since last: 1003022543 ns, Reaching safepoint: 948708 ns, At safepoint: 32583 ns, Total: 981291 ns
[2022-09-04T14:39:28.656+0000][1][safepoint    ] Safepoint "Cleanup", Time since last: 1002186584 ns, Reaching safepoint: 1171458 ns, At safepoint: 27500 ns, Total: 1198958 ns
[2022-09-04T14:39:28.715+0000][1][safepoint    ] Safepoint "CollectForMetadataAllocation", Time since last: 59020125 ns, Reaching safepoint: 276709 ns, At safepoint: 410041 ns, Total: 686750 ns
[2022-09-04T14:39:28.803+0000][1][safepoint    ] Safepoint "CollectForMetadataAllocation", Time since last: 86734084 ns, Reaching safepoint: 272916 ns, At safepoint: 202750 ns, Total: 475666 ns
[2022-09-04T14:39:28.821+0000][1][gc,start     ] GC(10) Pause Initial Mark
[2022-09-04T14:39:28.970+0000][1][gc           ] GC(10) Pause Initial Mark 121M->121M(494M) 148.437ms
[2022-09-04T14:39:28.972+0000][1][gc,cpu       ] GC(10) User=0.57s Sys=0.01s Real=0.15s
[2022-09-04T14:39:28.973+0000][1][safepoint    ] Safepoint "CMS_Initial_Mark", Time since last: 14984542 ns, Reaching safepoint: 3476958 ns, At safepoint: 151974834 ns, Total: 155451792 ns
[2022-09-04T14:39:28.974+0000][1][gc           ] GC(10) Concurrent Mark
[2022-09-04T14:39:29.051+0000][1][safepoint    ] Safepoint "CollectForMetadataAllocation", Time since last: 77169583 ns, Reaching safepoint: 433375 ns, At safepoint: 159917 ns, Total: 593292 ns
[2022-09-04T14:39:29.151+0000][1][gc           ] GC(10) Concurrent Mark 171.255ms
[2022-09-04T14:39:29.161+0000][1][gc,cpu       ] GC(10) User=0.34s Sys=0.01s Real=0.18s
[2022-09-04T14:39:29.165+0000][1][gc           ] GC(10) Concurrent Preclean
[2022-09-04T14:39:29.182+0000][1][gc           ] GC(10) Concurrent Preclean 17.292ms
[2022-09-04T14:39:29.184+0000][1][gc,cpu       ] GC(10) User=0.02s Sys=0.01s Real=0.01s
[2022-09-04T14:39:29.186+0000][1][gc           ] GC(10) Concurrent Abortable Preclean
[2022-09-04T14:39:29.782+0000][1][safepoint    ] Safepoint "CollectForMetadataAllocation", Time since last: 722802959 ns, Reaching safepoint: 6443250 ns, At safepoint: 1289916 ns, Total: 7733166 ns
[2022-09-04T14:39:30.786+0000][1][safepoint    ] Safepoint "Cleanup", Time since last: 1002829292 ns, Reaching safepoint: 2014500 ns, At safepoint: 52667 ns, Total: 2067167 ns
[2022-09-04T14:39:30.994+0000][1][gc,start     ] GC(11) Pause Young (Allocation Failure)
[2022-09-04T14:39:30.998+0000][1][gc,task      ] GC(11) Using 4 workers of 4 for evacuation
[2022-09-04T14:39:31.277+0000][1][gc,age       ] GC(11) Desired survivor size 8945664 bytes, new threshold 6 (max threshold 6)
[2022-09-04T14:39:31.279+0000][1][gc,age       ] GC(11) Age table with threshold 6 (max threshold 6)
[2022-09-04T14:39:31.280+0000][1][gc,age       ] GC(11) - age   1:    7913056 bytes,    7913056 total
[2022-09-04T14:39:31.283+0000][1][gc,heap      ] GC(11) ParNew: 157248K->17472K(157248K)
[2022-09-04T14:39:31.285+0000][1][gc,heap      ] GC(11) CMS: 22852K->40583K(349568K)
[2022-09-04T14:39:31.286+0000][1][gc,metaspace ] GC(11) Metaspace: 34770K->34770K(1081344K)
[2022-09-04T14:39:31.288+0000][1][gc           ] GC(11) Pause Young (Allocation Failure) 175M->56M(494M) 294.431ms
[2022-09-04T14:39:31.289+0000][1][gc,cpu       ] GC(11) User=0.85s Sys=0.04s Real=0.29s
[2022-09-04T14:39:31.290+0000][1][safepoint    ] Safepoint "GenCollectForAllocation", Time since last: 206812583 ns, Reaching safepoint: 408334 ns, At safepoint: 297386833 ns, Total: 297795167 ns
[2022-09-04T14:39:31.680+0000][1][safepoint    ] Safepoint "CollectForMetadataAllocation", Time since last: 388844042 ns, Reaching safepoint: 609291 ns, At safepoint: 190959 ns, Total: 800250 ns
[2022-09-04T14:39:32.684+0000][1][safepoint    ] Safepoint "Cleanup", Time since last: 1001657792 ns, Reaching safepoint: 1877000 ns, At safepoint: 15833 ns, Total: 1892833 ns
[2022-09-04T14:39:33.114+0000][1][safepoint    ] Safepoint "CollectForMetadataAllocation", Time since last: 429532042 ns, Reaching safepoint: 350709 ns, At safepoint: 150583 ns, Total: 501292 ns
[2022-09-04T14:39:33.359+0000][1][safepoint    ] Safepoint "CollectForMetadataAllocation", Time since last: 243545583 ns, Reaching safepoint: 356625 ns, At safepoint: 1394084 ns, Total: 1750709 ns
[2022-09-04T14:39:33.561+0000][1][safepoint    ] Safepoint "CollectForMetadataAllocation", Time since last: 201538750 ns, Reaching safepoint: 255541 ns, At safepoint: 174625 ns, Total: 430166 ns
[2022-09-04T14:39:33.815+0000][1][safepoint    ] Safepoint "CollectForMetadataAllocation", Time since last: 253210001 ns, Reaching safepoint: 793208 ns, At safepoint: 328833 ns, Total: 1122041 ns
[2022-09-04T14:39:33.898+0000][1][safepoint    ] Safepoint "CollectForMetadataAllocation", Time since last: 82065500 ns, Reaching safepoint: 464250 ns, At safepoint: 177542 ns, Total: 641792 ns
[2022-09-04T14:39:33.986+0000][1][safepoint    ] Safepoint "CollectForMetadataAllocation", Time since last: 87719542 ns, Reaching safepoint: 436833 ns, At safepoint: 152583 ns, Total: 589416 ns
[2022-09-04T14:39:34.124+0000][1][safepoint    ] Safepoint "CollectForMetadataAllocation", Time since last: 137112417 ns, Reaching safepoint: 457667 ns, At safepoint: 319791 ns, Total: 777458 ns
[2022-09-04T14:39:34.222+0000][1][safepoint    ] Safepoint "CollectForMetadataAllocation", Time since last: 97370500 ns, Reaching safepoint: 194417 ns, At safepoint: 188625 ns, Total: 383042 ns
[2022-09-04T14:39:34.308+0000][1][gc           ] GC(10) Concurrent Abortable Preclean 5121.860ms
[2022-09-04T14:39:34.310+0000][1][gc,cpu       ] GC(10) User=16.35s Sys=0.71s Real=5.12s
[2022-09-04T14:39:34.313+0000][1][gc,start     ] GC(10) Pause Remark
[2022-09-04T14:39:34.477+0000][1][gc           ] GC(10) Pause Remark 127M->127M(494M) 164.018ms
[2022-09-04T14:39:34.478+0000][1][gc,cpu       ] GC(10) User=0.42s Sys=0.02s Real=0.17s
[2022-09-04T14:39:34.480+0000][1][safepoint    ] Safepoint "CMS_Final_Remark", Time since last: 89961375 ns, Reaching safepoint: 447500 ns, At safepoint: 167598667 ns, Total: 168046167 ns
[2022-09-04T14:39:34.483+0000][1][gc           ] GC(10) Concurrent Sweep
[2022-09-04T14:39:34.570+0000][1][safepoint    ] Safepoint "CollectForMetadataAllocation", Time since last: 87782458 ns, Reaching safepoint: 2261709 ns, At safepoint: 221166 ns, Total: 2482875 ns
[2022-09-04T14:39:34.601+0000][1][gc           ] GC(10) Concurrent Sweep 118.431ms
[2022-09-04T14:39:34.603+0000][1][gc,cpu       ] GC(10) User=0.23s Sys=0.01s Real=0.12s
[2022-09-04T14:39:34.605+0000][1][gc           ] GC(10) Concurrent Reset
[2022-09-04T14:39:34.608+0000][1][gc           ] GC(10) Concurrent Reset 2.522ms
[2022-09-04T14:39:34.609+0000][1][gc,cpu       ] GC(10) User=0.00s Sys=0.00s Real=0.00s
[2022-09-04T14:39:34.611+0000][1][gc,heap      ] GC(10) Old: 22852K->40482K(349568K)
[2022-09-04T14:39:34.925+0000][1][safepoint    ] Safepoint "RevokeBias", Time since last: 352442000 ns, Reaching safepoint: 500042 ns, At safepoint: 1544417 ns, Total: 2044459 ns
[2022-09-04T14:39:34.937+0000][1][safepoint    ] Safepoint "Deoptimize", Time since last: 10203041 ns, Reaching safepoint: 253334 ns, At safepoint: 2034083 ns, Total: 2287417 ns
[2022-09-04T14:39:35.939+0000][1][safepoint    ] Safepoint "Cleanup", Time since last: 1001351542 ns, Reaching safepoint: 803375 ns, At safepoint: 32834 ns, Total: 836209 ns
[2022-09-04T14:39:36.943+0000][1][safepoint    ] Safepoint "Cleanup", Time since last: 1002190708 ns, Reaching safepoint: 1014709 ns, At safepoint: 36416 ns, Total: 1051125 ns
[2022-09-04T14:39:37.948+0000][1][safepoint    ] Safepoint "Cleanup", Time since last: 1004959459 ns, Reaching safepoint: 838917 ns, At safepoint: 57125 ns, Total: 896042 ns
[2022-09-04T14:39:38.953+0000][1][safepoint    ] Safepoint "Cleanup", Time since last: 1003650125 ns, Reaching safepoint: 640500 ns, At safepoint: 29334 ns, Total: 669834 ns
[2022-09-04T14:39:39.957+0000][1][safepoint    ] Safepoint "Cleanup", Time since last: 1003072917 ns, Reaching safepoint: 656166 ns, At safepoint: 28334 ns, Total: 684500 ns
[2022-09-04T14:39:40.959+0000][1][safepoint    ] Safepoint "Cleanup", Time since last: 1001553792 ns, Reaching safepoint: 621250 ns, At safepoint: 33083 ns, Total: 654333 ns
[2022-09-04T14:39:41.681+0000][1][gc,start     ] GC(12) Pause Young (Allocation Failure)
[2022-09-04T14:39:41.683+0000][1][gc,task      ] GC(12) Using 4 workers of 4 for evacuation
[2022-09-04T14:39:41.753+0000][1][gc,age       ] GC(12) Desired survivor size 8945664 bytes, new threshold 2 (max threshold 6)
[2022-09-04T14:39:41.755+0000][1][gc,age       ] GC(12) Age table with threshold 2 (max threshold 6)
[2022-09-04T14:39:41.757+0000][1][gc,age       ] GC(12) - age   1:    4633704 bytes,    4633704 total
[2022-09-04T14:39:41.758+0000][1][gc,age       ] GC(12) - age   2:    7829136 bytes,   12462840 total
[2022-09-04T14:39:41.759+0000][1][gc,heap      ] GC(12) ParNew: 157248K->14407K(157248K)
[2022-09-04T14:39:41.760+0000][1][gc,heap      ] GC(12) CMS: 40482K->40482K(349568K)
[2022-09-04T14:39:41.762+0000][1][gc,metaspace ] GC(12) Metaspace: 45672K->45672K(1091584K)
[2022-09-04T14:39:41.764+0000][1][gc           ] GC(12) Pause Young (Allocation Failure) 193M->53M(494M) 82.665ms
[2022-09-04T14:39:41.765+0000][1][gc,cpu       ] GC(12) User=0.25s Sys=0.01s Real=0.09s
[2022-09-04T14:39:41.767+0000][1][safepoint    ] Safepoint "GenCollectForAllocation", Time since last: 721385584 ns, Reaching safepoint: 664292 ns, At safepoint: 86341166 ns, Total: 87005458 ns
[2022-09-04T14:39:42.183+0000][1][safepoint    ] Safepoint "RevokeBias", Time since last: 414569501 ns, Reaching safepoint: 626000 ns, At safepoint: 463416 ns, Total: 1089416 ns
[2022-09-04T14:39:43.305+0000][1][safepoint    ] Safepoint "RevokeBias", Time since last: 1120659001 ns, Reaching safepoint: 1485291 ns, At safepoint: 364875 ns, Total: 1850166 ns
[2022-09-04T14:39:43.313+0000][1][safepoint    ] Safepoint "BulkRevokeBias", Time since last: 6703167 ns, Reaching safepoint: 402333 ns, At safepoint: 924500 ns, Total: 1326833 ns
[2022-09-04T14:39:43.326+0000][1][safepoint    ] Safepoint "RevokeBias", Time since last: 11356959 ns, Reaching safepoint: 935750 ns, At safepoint: 379375 ns, Total: 1315125 ns
[2022-09-04T14:39:43.347+0000][1][safepoint    ] Safepoint "RevokeBias", Time since last: 19973500 ns, Reaching safepoint: 523166 ns, At safepoint: 339625 ns, Total: 862791 ns
[2022-09-04T14:39:43.351+0000][1][safepoint    ] Safepoint "RevokeBias", Time since last: 3062167 ns, Reaching safepoint: 326083 ns, At safepoint: 387500 ns, Total: 713583 ns
[2022-09-04T14:39:43.354+0000][1][safepoint    ] Safepoint "RevokeBias", Time since last: 2197834 ns, Reaching safepoint: 541500 ns, At safepoint: 327000 ns, Total: 868500 ns
[2022-09-04T14:39:43.357+0000][1][safepoint    ] Safepoint "RevokeBias", Time since last: 2431166 ns, Reaching safepoint: 373292 ns, At safepoint: 332208 ns, Total: 705500 ns
[2022-09-04T14:39:43.359+0000][1][safepoint    ] Safepoint "RevokeBias", Time since last: 1477875 ns, Reaching safepoint: 299125 ns, At safepoint: 332417 ns, Total: 631542 ns
[2022-09-04T14:39:43.370+0000][1][safepoint    ] Safepoint "RevokeBias", Time since last: 10133083 ns, Reaching safepoint: 378042 ns, At safepoint: 266583 ns, Total: 644625 ns
[2022-09-04T14:39:43.378+0000][1][safepoint    ] Safepoint "RevokeBias", Time since last: 5659209 ns, Reaching safepoint: 2398291 ns, At safepoint: 208792 ns, Total: 2607083 ns
[2022-09-04T14:39:43.382+0000][1][safepoint    ] Safepoint "RevokeBias", Time since last: 2521667 ns, Reaching safepoint: 991333 ns, At safepoint: 285375 ns, Total: 1276708 ns
[2022-09-04T14:39:43.385+0000][1][safepoint    ] Safepoint "RevokeBias", Time since last: 2400167 ns, Reaching safepoint: 272708 ns, At safepoint: 265375 ns, Total: 538083 ns
[2022-09-04T14:39:43.387+0000][1][safepoint    ] Safepoint "RevokeBias", Time since last: 2018875 ns, Reaching safepoint: 374083 ns, At safepoint: 292917 ns, Total: 667000 ns
[2022-09-04T14:39:43.390+0000][1][safepoint    ] Safepoint "RevokeBias", Time since last: 2191625 ns, Reaching safepoint: 356667 ns, At safepoint: 370125 ns, Total: 726792 ns
[2022-09-04T14:39:43.393+0000][1][safepoint    ] Safepoint "RevokeBias", Time since last: 2101291 ns, Reaching safepoint: 720834 ns, At safepoint: 300625 ns, Total: 1021459 ns
[2022-09-04T14:39:43.397+0000][1][safepoint    ] Safepoint "RevokeBias", Time since last: 2516958 ns, Reaching safepoint: 525458 ns, At safepoint: 285875 ns, Total: 811333 ns
[2022-09-04T14:39:43.400+0000][1][safepoint    ] Safepoint "RevokeBias", Time since last: 2181750 ns, Reaching safepoint: 303000 ns, At safepoint: 233042 ns, Total: 536042 ns
[2022-09-04T14:39:43.403+0000][1][safepoint    ] Safepoint "RevokeBias", Time since last: 2796833 ns, Reaching safepoint: 463875 ns, At safepoint: 399834 ns, Total: 863709 ns
[2022-09-04T14:39:43.408+0000][1][safepoint    ] Safepoint "RevokeBias", Time since last: 4442750 ns, Reaching safepoint: 287541 ns, At safepoint: 261834 ns, Total: 549375 ns
[2022-09-04T14:39:43.411+0000][1][safepoint    ] Safepoint "RevokeBias", Time since last: 1667583 ns, Reaching safepoint: 476542 ns, At safepoint: 417916 ns, Total: 894458 ns
[2022-09-04T14:39:43.413+0000][1][safepoint    ] Safepoint "RevokeBias", Time since last: 1390375 ns, Reaching safepoint: 248167 ns, At safepoint: 252125 ns, Total: 500292 ns
[2022-09-04T14:39:43.414+0000][1][safepoint    ] Safepoint "RevokeBias", Time since last: 1037375 ns, Reaching safepoint: 262167 ns, At safepoint: 299166 ns, Total: 561333 ns
[2022-09-04T14:39:43.417+0000][1][safepoint    ] Safepoint "BulkRevokeBias", Time since last: 1050542 ns, Reaching safepoint: 651458 ns, At safepoint: 616500 ns, Total: 1267958 ns
[2022-09-04T14:39:43.424+0000][1][safepoint    ] Safepoint "RevokeBias", Time since last: 6466125 ns, Reaching safepoint: 458709 ns, At safepoint: 221833 ns, Total: 680542 ns
[2022-09-04T14:39:43.436+0000][1][safepoint    ] Safepoint "RevokeBias", Time since last: 10954167 ns, Reaching safepoint: 611375 ns, At safepoint: 393041 ns, Total: 1004416 ns
[2022-09-04T14:39:43.448+0000][1][safepoint    ] Safepoint "RevokeBias", Time since last: 11171459 ns, Reaching safepoint: 661000 ns, At safepoint: 163916 ns, Total: 824916 ns
[2022-09-04T14:39:43.454+0000][1][safepoint    ] Safepoint "RevokeBias", Time since last: 5976500 ns, Reaching safepoint: 217250 ns, At safepoint: 71209 ns, Total: 288459 ns
[2022-09-04T14:39:43.456+0000][1][safepoint    ] Safepoint "RevokeBias", Time since last: 1618583 ns, Reaching safepoint: 190625 ns, At safepoint: 59083 ns, Total: 249708 ns
[2022-09-04T14:39:43.458+0000][1][safepoint    ] Safepoint "RevokeBias", Time since last: 1760584 ns, Reaching safepoint: 177375 ns, At safepoint: 60125 ns, Total: 237500 ns
[2022-09-04T14:39:43.460+0000][1][safepoint    ] Safepoint "RevokeBias", Time since last: 1618750 ns, Reaching safepoint: 174708 ns, At safepoint: 61792 ns, Total: 236500 ns
[2022-09-04T14:39:43.461+0000][1][safepoint    ] Safepoint "RevokeBias", Time since last: 1610250 ns, Reaching safepoint: 153583 ns, At safepoint: 58000 ns, Total: 211583 ns
[2022-09-04T14:39:43.463+0000][1][safepoint    ] Safepoint "RevokeBias", Time since last: 1196333 ns, Reaching safepoint: 146000 ns, At safepoint: 59834 ns, Total: 205834 ns
[2022-09-04T14:39:43.464+0000][1][safepoint    ] Safepoint "RevokeBias", Time since last: 1282166 ns, Reaching safepoint: 157584 ns, At safepoint: 61000 ns, Total: 218584 ns
[2022-09-04T14:39:43.466+0000][1][safepoint    ] Safepoint "RevokeBias", Time since last: 1541041 ns, Reaching safepoint: 229500 ns, At safepoint: 63000 ns, Total: 292500 ns
[2022-09-04T14:39:43.468+0000][1][safepoint    ] Safepoint "RevokeBias", Time since last: 1940792 ns, Reaching safepoint: 165625 ns, At safepoint: 59500 ns, Total: 225125 ns
[2022-09-04T14:39:43.471+0000][1][safepoint    ] Safepoint "RevokeBias", Time since last: 1987292 ns, Reaching safepoint: 160625 ns, At safepoint: 56541 ns, Total: 217166 ns
[2022-09-04T14:39:43.874+0000][1][safepoint    ] Safepoint "RevokeBias", Time since last: 402333917 ns, Reaching safepoint: 545542 ns, At safepoint: 256875 ns, Total: 802417 ns
[2022-09-04T14:39:43.905+0000][1][safepoint    ] Safepoint "RevokeBias", Time since last: 31036917 ns, Reaching safepoint: 195500 ns, At safepoint: 318625 ns, Total: 514125 ns
[2022-09-04T14:39:44.837+0000][1][safepoint    ] Safepoint "RevokeBias", Time since last: 929706708 ns, Reaching safepoint: 1928459 ns, At safepoint: 262791 ns, Total: 2191250 ns
[2022-09-04T14:39:44.841+0000][1][safepoint    ] Safepoint "RevokeBias", Time since last: 3043792 ns, Reaching safepoint: 832542 ns, At safepoint: 161708 ns, Total: 994250 ns
[2022-09-04T14:39:44.845+0000][1][safepoint    ] Safepoint "RevokeBias", Time since last: 3072208 ns, Reaching safepoint: 398709 ns, At safepoint: 228416 ns, Total: 627125 ns
[2022-09-04T14:39:45.816+0000][1][safepoint    ] Safepoint "RevokeBias", Time since last: 961520334 ns, Reaching safepoint: 6590417 ns, At safepoint: 1883375 ns, Total: 8473792 ns
[2022-09-04T14:39:45.839+0000][1][safepoint    ] Safepoint "RevokeBias", Time since last: 22361125 ns, Reaching safepoint: 1600000 ns, At safepoint: 150375 ns, Total: 1750375 ns
[2022-09-04T14:39:45.847+0000][1][safepoint    ] Safepoint "RevokeBias", Time since last: 5293208 ns, Reaching safepoint: 1731209 ns, At safepoint: 1360500 ns, Total: 3091709 ns
[2022-09-04T14:39:45.874+0000][1][safepoint    ] Safepoint "RevokeBias", Time since last: 21095833 ns, Reaching safepoint: 4146542 ns, At safepoint: 987958 ns, Total: 5134500 ns
[2022-09-04T14:39:45.893+0000][1][safepoint    ] Safepoint "RevokeBias", Time since last: 17198958 ns, Reaching safepoint: 1449584 ns, At safepoint: 305208 ns, Total: 1754792 ns
[2022-09-04T14:39:45.980+0000][1][safepoint    ] Safepoint "RevokeBias", Time since last: 86585958 ns, Reaching safepoint: 870084 ns, At safepoint: 226875 ns, Total: 1096959 ns
[2022-09-04T14:39:45.988+0000][1][safepoint    ] Safepoint "RevokeBias", Time since last: 5492125 ns, Reaching safepoint: 1572125 ns, At safepoint: 225208 ns, Total: 1797333 ns
[2022-09-04T14:39:46.002+0000][1][safepoint    ] Safepoint "RevokeBias", Time since last: 9315042 ns, Reaching safepoint: 987000 ns, At safepoint: 3760750 ns, Total: 4747750 ns
[2022-09-04T14:39:46.009+0000][1][safepoint    ] Safepoint "RevokeBias", Time since last: 6032500 ns, Reaching safepoint: 594750 ns, At safepoint: 538083 ns, Total: 1132833 ns
[2022-09-04T14:39:46.051+0000][1][safepoint    ] Safepoint "RevokeBias", Time since last: 40785750 ns, Reaching safepoint: 1123083 ns, At safepoint: 183042 ns, Total: 1306125 ns
[2022-09-04T14:39:46.056+0000][1][safepoint    ] Safepoint "RevokeBias", Time since last: 3892292 ns, Reaching safepoint: 1074333 ns, At safepoint: 199375 ns, Total: 1273708 ns
[2022-09-04T14:39:46.060+0000][1][safepoint    ] Safepoint "RevokeBias", Time since last: 2693708 ns, Reaching safepoint: 762792 ns, At safepoint: 190292 ns, Total: 953084 ns
[2022-09-04T14:39:46.066+0000][1][safepoint    ] Safepoint "RevokeBias", Time since last: 5199125 ns, Reaching safepoint: 666750 ns, At safepoint: 178791 ns, Total: 845541 ns
[2022-09-04T14:39:46.069+0000][1][safepoint    ] Safepoint "RevokeBias", Time since last: 2609625 ns, Reaching safepoint: 520542 ns, At safepoint: 348042 ns, Total: 868584 ns
[2022-09-04T14:39:46.072+0000][1][safepoint    ] Safepoint "RevokeBias", Time since last: 2288083 ns, Reaching safepoint: 655458 ns, At safepoint: 145792 ns, Total: 801250 ns
[2022-09-04T14:39:46.075+0000][1][safepoint    ] Safepoint "RevokeBias", Time since last: 2056667 ns, Reaching safepoint: 772500 ns, At safepoint: 157458 ns, Total: 929958 ns
[2022-09-04T14:39:46.077+0000][1][safepoint    ] Safepoint "RevokeBias", Time since last: 1499000 ns, Reaching safepoint: 160208 ns, At safepoint: 193084 ns, Total: 353292 ns
[2022-09-04T14:39:46.080+0000][1][safepoint    ] Safepoint "BulkRevokeBias", Time since last: 1202208 ns, Reaching safepoint: 229000 ns, At safepoint: 1239167 ns, Total: 1468167 ns
[2022-09-04T14:39:46.084+0000][1][safepoint    ] Safepoint "RevokeBias", Time since last: 3687833 ns, Reaching safepoint: 317625 ns, At safepoint: 154875 ns, Total: 472500 ns
[2022-09-04T14:39:46.088+0000][1][safepoint    ] Safepoint "RevokeBias", Time since last: 2955667 ns, Reaching safepoint: 1307041 ns, At safepoint: 205209 ns, Total: 1512250 ns
[2022-09-04T14:39:46.097+0000][1][safepoint    ] Safepoint "RevokeBias", Time since last: 7915708 ns, Reaching safepoint: 863833 ns, At safepoint: 234334 ns, Total: 1098167 ns
[2022-09-04T14:39:46.103+0000][1][safepoint    ] Safepoint "RevokeBias", Time since last: 2593083 ns, Reaching safepoint: 2452208 ns, At safepoint: 322667 ns, Total: 2774875 ns
[2022-09-04T14:39:46.114+0000][1][safepoint    ] Safepoint "RevokeBias", Time since last: 10348958 ns, Reaching safepoint: 1049584 ns, At safepoint: 215791 ns, Total: 1265375 ns
[2022-09-04T14:39:46.125+0000][1][safepoint    ] Safepoint "RevokeBias", Time since last: 9457125 ns, Reaching safepoint: 632750 ns, At safepoint: 408500 ns, Total: 1041250 ns
[2022-09-04T14:39:46.134+0000][1][safepoint    ] Safepoint "RevokeBias", Time since last: 8177584 ns, Reaching safepoint: 885125 ns, At safepoint: 279833 ns, Total: 1164958 ns
[2022-09-04T14:39:46.139+0000][1][safepoint    ] Safepoint "RevokeBias", Time since last: 3873000 ns, Reaching safepoint: 584708 ns, At safepoint: 229250 ns, Total: 813958 ns
[2022-09-04T14:39:46.145+0000][1][safepoint    ] Safepoint "RevokeBias", Time since last: 3844125 ns, Reaching safepoint: 2414334 ns, At safepoint: 215541 ns, Total: 2629875 ns
[2022-09-04T14:39:46.148+0000][1][safepoint    ] Safepoint "RevokeBias", Time since last: 2208334 ns, Reaching safepoint: 553708 ns, At safepoint: 257792 ns, Total: 811500 ns
[2022-09-04T14:39:46.152+0000][1][safepoint    ] Safepoint "RevokeBias", Time since last: 2271875 ns, Reaching safepoint: 722375 ns, At safepoint: 231250 ns, Total: 953625 ns
[2022-09-04T14:39:46.157+0000][1][safepoint    ] Safepoint "RevokeBias", Time since last: 5352458 ns, Reaching safepoint: 308125 ns, At safepoint: 169458 ns, Total: 477583 ns
[2022-09-04T14:39:46.167+0000][1][safepoint    ] Safepoint "RevokeBias", Time since last: 9257292 ns, Reaching safepoint: 441625 ns, At safepoint: 245875 ns, Total: 687500 ns
[2022-09-04T14:39:46.232+0000][1][safepoint    ] Safepoint "RevokeBias", Time since last: 61077292 ns, Reaching safepoint: 2745666 ns, At safepoint: 288125 ns, Total: 3033791 ns
[2022-09-04T14:39:46.305+0000][1][safepoint    ] Safepoint "RevokeBias", Time since last: 72224709 ns, Reaching safepoint: 773833 ns, At safepoint: 215667 ns, Total: 989500 ns
[2022-09-04T14:39:46.310+0000][1][safepoint    ] Safepoint "RevokeBias", Time since last: 4159875 ns, Reaching safepoint: 423083 ns, At safepoint: 307167 ns, Total: 730250 ns
[2022-09-04T14:39:46.318+0000][1][safepoint    ] Safepoint "RevokeBias", Time since last: 7602166 ns, Reaching safepoint: 605167 ns, At safepoint: 299583 ns, Total: 904750 ns
[2022-09-04T14:39:46.428+0000][1][safepoint    ] Safepoint "RevokeBias", Time since last: 108278459 ns, Reaching safepoint: 738250 ns, At safepoint: 378833 ns, Total: 1117083 ns
[2022-09-04T14:39:46.432+0000][1][safepoint    ] Safepoint "RevokeBias", Time since last: 3352334 ns, Reaching safepoint: 821750 ns, At safepoint: 507583 ns, Total: 1329333 ns
[2022-09-04T14:39:46.452+0000][1][safepoint    ] Safepoint "RevokeBias", Time since last: 19163292 ns, Reaching safepoint: 799041 ns, At safepoint: 252959 ns, Total: 1052000 ns
[2022-09-04T14:39:47.110+0000][1][safepoint    ] Safepoint "RevokeBias", Time since last: 656877625 ns, Reaching safepoint: 795750 ns, At safepoint: 94792 ns, Total: 890542 ns
[2022-09-04T14:39:47.200+0000][1][safepoint    ] Safepoint "RevokeBias", Time since last: 88232625 ns, Reaching safepoint: 1008916 ns, At safepoint: 125167 ns, Total: 1134083 ns
[2022-09-04T14:39:47.203+0000][1][safepoint    ] Safepoint "RevokeBias", Time since last: 3103583 ns, Reaching safepoint: 186375 ns, At safepoint: 60000 ns, Total: 246375 ns
[2022-09-04T14:39:47.206+0000][1][safepoint    ] Safepoint "RevokeBias", Time since last: 2460584 ns, Reaching safepoint: 142583 ns, At safepoint: 54458 ns, Total: 197041 ns
[2022-09-04T14:39:48.210+0000][1][safepoint    ] Safepoint "Cleanup", Time since last: 1003045626 ns, Reaching safepoint: 1655250 ns, At safepoint: 46750 ns, Total: 1702000 ns
[2022-09-04T14:39:48.471+0000][1][safepoint    ] Safepoint "RevokeBias", Time since last: 259560125 ns, Reaching safepoint: 396083 ns, At safepoint: 725667 ns, Total: 1121750 ns
[2022-09-04T14:39:49.473+0000][1][safepoint    ] Safepoint "Cleanup", Time since last: 1001611542 ns, Reaching safepoint: 536000 ns, At safepoint: 23125 ns, Total: 559125 ns
[2022-09-04T14:39:50.113+0000][1][gc,start     ] GC(13) Pause Young (Allocation Failure)
[2022-09-04T14:39:50.117+0000][1][gc,task      ] GC(13) Using 4 workers of 4 for evacuation
[2022-09-04T14:39:50.257+0000][1][gc,age       ] GC(13) Desired survivor size 8945664 bytes, new threshold 6 (max threshold 6)
[2022-09-04T14:39:50.263+0000][1][gc,age       ] GC(13) Age table with threshold 6 (max threshold 6)
[2022-09-04T14:39:50.267+0000][1][gc,age       ] GC(13) - age   1:    4003584 bytes,    4003584 total
[2022-09-04T14:39:50.270+0000][1][gc,age       ] GC(13) - age   2:    4369824 bytes,    8373408 total
[2022-09-04T14:39:50.275+0000][1][gc,heap      ] GC(13) ParNew: 154183K->13411K(157248K)
[2022-09-04T14:39:50.278+0000][1][gc,heap      ] GC(13) CMS: 40482K->48138K(349568K)
[2022-09-04T14:39:50.279+0000][1][gc,metaspace ] GC(13) Metaspace: 56821K->56821K(1101824K)
[2022-09-04T14:39:50.283+0000][1][gc           ] GC(13) Pause Young (Allocation Failure) 190M->60M(494M) 169.594ms
[2022-09-04T14:39:50.284+0000][1][gc,cpu       ] GC(13) User=0.49s Sys=0.02s Real=0.18s
[2022-09-04T14:39:50.286+0000][1][safepoint    ] Safepoint "GenCollectForAllocation", Time since last: 636906042 ns, Reaching safepoint: 2173917 ns, At safepoint: 173217333 ns, Total: 175391250 ns
[2022-09-04T14:39:50.317+0000][1][safepoint    ] Safepoint "RevokeBias", Time since last: 30671875 ns, Reaching safepoint: 419833 ns, At safepoint: 88584 ns, Total: 508417 ns
[2022-09-04T14:39:50.320+0000][1][safepoint    ] Safepoint "RevokeBias", Time since last: 2570500 ns, Reaching safepoint: 276083 ns, At safepoint: 59458 ns, Total: 335541 ns
[2022-09-04T14:39:50.323+0000][1][safepoint    ] Safepoint "RevokeBias", Time since last: 3395125 ns, Reaching safepoint: 197084 ns, At safepoint: 68250 ns, Total: 265334 ns
[2022-09-04T14:39:51.326+0000][1][safepoint    ] Safepoint "Cleanup", Time since last: 1001191917 ns, Reaching safepoint: 1797542 ns, At safepoint: 38041 ns, Total: 1835583 ns
[2022-09-04T14:39:52.024+0000][1][safepoint    ] Safepoint "RevokeBias", Time since last: 694827459 ns, Reaching safepoint: 2651500 ns, At safepoint: 303875 ns, Total: 2955375 ns
[2022-09-04T14:39:52.027+0000][1][safepoint    ] Safepoint "RevokeBias", Time since last: 2673542 ns, Reaching safepoint: 236375 ns, At safepoint: 211041 ns, Total: 447416 ns
[2022-09-04T14:39:52.030+0000][1][safepoint    ] Safepoint "RevokeBias", Time since last: 2415500 ns, Reaching safepoint: 105209 ns, At safepoint: 163333 ns, Total: 268542 ns
[2022-09-04T14:39:52.054+0000][1][safepoint    ] Safepoint "RevokeBias", Time since last: 23995833 ns, Reaching safepoint: 172417 ns, At safepoint: 208625 ns, Total: 381042 ns
[2022-09-04T14:39:52.940+0000][1][safepoint    ] Safepoint "RevokeBias", Time since last: 884529209 ns, Reaching safepoint: 957041 ns, At safepoint: 71625 ns, Total: 1028666 ns
[2022-09-04T14:39:53.246+0000][1][safepoint    ] Safepoint "Deoptimize", Time since last: 304362750 ns, Reaching safepoint: 335834 ns, At safepoint: 1939333 ns, Total: 2275167 ns
[2022-09-04T14:39:53.338+0000][1][safepoint    ] Safepoint "RevokeBias", Time since last: 90130875 ns, Reaching safepoint: 854708 ns, At safepoint: 326792 ns, Total: 1181500 ns
[2022-09-04T14:39:53.673+0000][1][safepoint    ] Safepoint "CollectForMetadataAllocation", Time since last: 333914625 ns, Reaching safepoint: 733167 ns, At safepoint: 371625 ns, Total: 1104792 ns
[2022-09-04T14:39:53.894+0000][1][safepoint    ] Safepoint "RevokeBias", Time since last: 220452750 ns, Reaching safepoint: 559875 ns, At safepoint: 66333 ns, Total: 626208 ns
[2022-09-04T14:39:53.953+0000][1][safepoint    ] Safepoint "RevokeBias", Time since last: 58447375 ns, Reaching safepoint: 670042 ns, At safepoint: 78625 ns, Total: 748667 ns
[2022-09-04T14:39:53.956+0000][1][safepoint    ] Safepoint "RevokeBias", Time since last: 2665958 ns, Reaching safepoint: 156500 ns, At safepoint: 19500 ns, Total: 176000 ns
[2022-09-04T14:39:53.958+0000][1][safepoint    ] Safepoint "RevokeBias", Time since last: 1722834 ns, Reaching safepoint: 246125 ns, At safepoint: 95250 ns, Total: 341375 ns
[2022-09-04T14:39:53.960+0000][1][safepoint    ] Safepoint "RevokeBias", Time since last: 2218666 ns, Reaching safepoint: 150084 ns, At safepoint: 80375 ns, Total: 230459 ns
[2022-09-04T14:39:53.962+0000][1][safepoint    ] Safepoint "RevokeBias", Time since last: 1852041 ns, Reaching safepoint: 176250 ns, At safepoint: 55709 ns, Total: 231959 ns
[2022-09-04T14:39:53.964+0000][1][safepoint    ] Safepoint "RevokeBias", Time since last: 1782541 ns, Reaching safepoint: 156750 ns, At safepoint: 68709 ns, Total: 225459 ns
[2022-09-04T14:39:53.967+0000][1][safepoint    ] Safepoint "BulkRevokeBias", Time since last: 1490125 ns, Reaching safepoint: 204708 ns, At safepoint: 476000 ns, Total: 680708 ns
[2022-09-04T14:39:54.063+0000][1][safepoint    ] Safepoint "CollectForMetadataAllocation", Time since last: 95315417 ns, Reaching safepoint: 724208 ns, At safepoint: 151709 ns, Total: 875917 ns
[2022-09-04T14:39:54.223+0000][1][safepoint    ] Safepoint "RevokeBias", Time since last: 158967125 ns, Reaching safepoint: 794666 ns, At safepoint: 271417 ns, Total: 1066083 ns
[2022-09-04T14:39:54.226+0000][1][safepoint    ] Safepoint "RevokeBias", Time since last: 1783167 ns, Reaching safepoint: 764500 ns, At safepoint: 255333 ns, Total: 1019833 ns
[2022-09-04T14:39:54.231+0000][1][safepoint    ] Safepoint "RevokeBias", Time since last: 4501667 ns, Reaching safepoint: 625541 ns, At safepoint: 191750 ns, Total: 817291 ns
[2022-09-04T14:39:54.298+0000][1][gc,start     ] GC(14) Pause Initial Mark
[2022-09-04T14:39:54.412+0000][1][gc           ] GC(14) Pause Initial Mark 128M->128M(494M) 113.858ms
[2022-09-04T14:39:54.415+0000][1][gc,cpu       ] GC(14) User=0.42s Sys=0.00s Real=0.12s
[2022-09-04T14:39:54.416+0000][1][safepoint    ] Safepoint "CMS_Initial_Mark", Time since last: 66376417 ns, Reaching safepoint: 458917 ns, At safepoint: 118067000 ns, Total: 118525917 ns
[2022-09-04T14:39:54.418+0000][1][gc           ] GC(14) Concurrent Mark
[2022-09-04T14:39:54.644+0000][1][safepoint    ] Safepoint "CollectForMetadataAllocation", Time since last: 226704166 ns, Reaching safepoint: 1049209 ns, At safepoint: 285250 ns, Total: 1334459 ns
[2022-09-04T14:39:54.765+0000][1][gc           ] GC(14) Concurrent Mark 346.819ms
[2022-09-04T14:39:54.767+0000][1][gc,cpu       ] GC(14) User=1.23s Sys=0.01s Real=0.35s
[2022-09-04T14:39:54.768+0000][1][gc           ] GC(14) Concurrent Preclean
[2022-09-04T14:39:54.784+0000][1][gc           ] GC(14) Concurrent Preclean 15.812ms
[2022-09-04T14:39:54.785+0000][1][gc,cpu       ] GC(14) User=0.05s Sys=0.00s Real=0.02s
[2022-09-04T14:39:54.787+0000][1][gc           ] GC(14) Concurrent Abortable Preclean
[2022-09-04T14:39:54.992+0000][1][safepoint    ] Safepoint "CollectForMetadataAllocation", Time since last: 347194750 ns, Reaching safepoint: 657958 ns, At safepoint: 146125 ns, Total: 804083 ns
[2022-09-04T14:39:55.083+0000][1][safepoint    ] Safepoint "CollectForMetadataAllocation", Time since last: 90912375 ns, Reaching safepoint: 421000 ns, At safepoint: 168334 ns, Total: 589334 ns
[2022-09-04T14:39:55.251+0000][1][safepoint    ] Safepoint "CollectForMetadataAllocation", Time since last: 166574666 ns, Reaching safepoint: 429542 ns, At safepoint: 247583 ns, Total: 677125 ns
[2022-09-04T14:39:56.156+0000][1][safepoint    ] Safepoint "CollectForMetadataAllocation", Time since last: 902727917 ns, Reaching safepoint: 2017584 ns, At safepoint: 200916 ns, Total: 2218500 ns
[2022-09-04T14:39:56.195+0000][1][safepoint    ] Safepoint "RevokeBias", Time since last: 30974126 ns, Reaching safepoint: 7161875 ns, At safepoint: 1618125 ns, Total: 8780000 ns
[2022-09-04T14:39:56.259+0000][1][safepoint    ] Safepoint "RevokeBias", Time since last: 60609250 ns, Reaching safepoint: 2910750 ns, At safepoint: 315291 ns, Total: 3226041 ns
[2022-09-04T14:39:56.380+0000][1][safepoint    ] Safepoint "RevokeBias", Time since last: 71381750 ns, Reaching safepoint: 29966125 ns, At safepoint: 19811834 ns, Total: 49777959 ns
[2022-09-04T14:39:56.397+0000][1][safepoint    ] Safepoint "RevokeBias", Time since last: 8398541 ns, Reaching safepoint: 7719417 ns, At safepoint: 637375 ns, Total: 8356792 ns
[2022-09-04T14:39:56.409+0000][1][safepoint    ] Safepoint "RevokeBias", Time since last: 5401250 ns, Reaching safepoint: 6102375 ns, At safepoint: 200875 ns, Total: 6303250 ns
[2022-09-04T14:39:56.474+0000][1][safepoint    ] Safepoint "RevokeBias", Time since last: 41200958 ns, Reaching safepoint: 20692209 ns, At safepoint: 2698166 ns, Total: 23390375 ns
[2022-09-04T14:39:56.489+0000][1][safepoint    ] Safepoint "RevokeBias", Time since last: 3982917 ns, Reaching safepoint: 8589417 ns, At safepoint: 2678333 ns, Total: 11267750 ns
[2022-09-04T14:39:56.509+0000][1][safepoint    ] Safepoint "RevokeBias", Time since last: 2092208 ns, Reaching safepoint: 17663292 ns, At safepoint: 646792 ns, Total: 18310084 ns
[2022-09-04T14:39:56.518+0000][1][safepoint    ] Safepoint "RevokeBias", Time since last: 3692916 ns, Reaching safepoint: 3147459 ns, At safepoint: 2472750 ns, Total: 5620209 ns
[2022-09-04T14:39:56.530+0000][1][safepoint    ] Safepoint "RevokeBias", Time since last: 7245500 ns, Reaching safepoint: 3905291 ns, At safepoint: 377459 ns, Total: 4282750 ns
[2022-09-04T14:39:56.544+0000][1][safepoint    ] Safepoint "RevokeBias", Time since last: 5804250 ns, Reaching safepoint: 6989083 ns, At safepoint: 861667 ns, Total: 7850750 ns
[2022-09-04T14:39:56.556+0000][1][safepoint    ] Safepoint "RevokeBias", Time since last: 8813458 ns, Reaching safepoint: 2258042 ns, At safepoint: 1582875 ns, Total: 3840917 ns
[2022-09-04T14:39:56.704+0000][1][gc           ] GC(14) Concurrent Abortable Preclean 1916.877ms
[2022-09-04T14:39:56.709+0000][1][gc,cpu       ] GC(14) User=4.81s Sys=0.19s Real=1.92s
[2022-09-04T14:39:56.748+0000][1][gc,start     ] GC(14) Pause Remark
[2022-09-04T14:39:57.294+0000][1][gc           ] GC(14) Pause Remark 154M->154M(494M) 546.244ms
[2022-09-04T14:39:57.295+0000][1][gc,cpu       ] GC(14) User=1.05s Sys=0.13s Real=0.56s
[2022-09-04T14:39:57.307+0000][1][safepoint    ] Safepoint "CMS_Final_Remark", Time since last: 176092875 ns, Reaching safepoint: 7443500 ns, At safepoint: 567434375 ns, Total: 574877875 ns
[2022-09-04T14:39:57.311+0000][1][gc           ] GC(14) Concurrent Sweep
[2022-09-04T14:39:57.341+0000][1][safepoint    ] Safepoint "RevokeBias", Time since last: 25376292 ns, Reaching safepoint: 8571166 ns, At safepoint: 331792 ns, Total: 8902958 ns
[2022-09-04T14:39:57.356+0000][1][safepoint    ] Safepoint "RevokeBias", Time since last: 13729000 ns, Reaching safepoint: 414792 ns, At safepoint: 162875 ns, Total: 577667 ns
[2022-09-04T14:39:57.512+0000][1][safepoint    ] Safepoint "RevokeBias", Time since last: 156199833 ns, Reaching safepoint: 330458 ns, At safepoint: 69042 ns, Total: 399500 ns
[2022-09-04T14:39:57.592+0000][1][gc           ] GC(14) Concurrent Sweep 281.634ms
[2022-09-04T14:39:57.593+0000][1][gc,cpu       ] GC(14) User=0.58s Sys=0.06s Real=0.29s
[2022-09-04T14:39:57.596+0000][1][gc           ] GC(14) Concurrent Reset
[2022-09-04T14:39:57.599+0000][1][gc           ] GC(14) Concurrent Reset 2.919ms
[2022-09-04T14:39:57.599+0000][1][gc,cpu       ] GC(14) User=0.01s Sys=0.00s Real=0.00s
[2022-09-04T14:39:57.601+0000][1][gc,heap      ] GC(14) Old: 48138K->47819K(349568K)
[2022-09-04T14:39:57.603+0000][1][gc,heap,exit ] Heap
[2022-09-04T14:39:57.604+0000][1][gc,heap,exit ]  par new generation   total 157248K, used 112541K [0x00000000e0000000, 0x00000000eaaa0000, 0x00000000eaaa0000)
[2022-09-04T14:39:57.605+0000][1][gc,heap,exit ]   eden space 139776K,  70% used [0x00000000e0000000, 0x00000000e60ceb00, 0x00000000e8880000)
[2022-09-04T14:39:57.607+0000][1][gc,heap,exit ]   from space 17472K,  76% used [0x00000000e8880000, 0x00000000e9598c60, 0x00000000e9990000)
[2022-09-04T14:39:57.608+0000][1][gc,heap,exit ]   to   space 17472K,   0% used [0x00000000e9990000, 0x00000000e9990000, 0x00000000eaaa0000)
[2022-09-04T14:39:57.609+0000][1][gc,heap,exit ]  concurrent mark-sweep generation total 349568K, used 47819K [0x00000000eaaa0000, 0x0000000100000000, 0x0000000100000000)
[2022-09-04T14:39:57.611+0000][1][gc,heap,exit ]  Metaspace       used 64897K, capacity 69988K, committed 70180K, reserved 1107968K
[2022-09-04T14:39:57.612+0000][1][gc,heap,exit ]   class space    used 8782K, capacity 11021K, committed 11100K, reserved 1048576K
